FibCBV.7.fr
-> S.6.(fr.0).(FibCBV_1.fr)
-> FibCBV_1.fr.6
-> S.5.(fr.1).(FibCBV_2.fr.6)
-> FibCBV_2.fr.6.5
-> FibCBV.6.(FibCBV_3.fr.5)
-> S.5.(FibCBV_3.fr.5.0).(FibCBV_1.(FibCBV_3.fr.5))
-> FibCBV_1.(FibCBV_3.fr.5).5
-> S.4.(FibCBV_3.fr.5.1).(FibCBV_2.(FibCBV_3.fr.5).5)
-> FibCBV_2.(FibCBV_3.fr.5).5.4
-> FibCBV.5.(FibCBV_3.(FibCBV_3.fr.5).4)
-> S.4.(FibCBV_3.(FibCBV_3.fr.5).4.0).(FibCBV_1.(FibCBV_3.(FibCBV_3.fr.5).4))
-> FibCBV_1.(FibCBV_3.(FibCBV_3.fr.5).4).4
-> S.3.(FibCBV_3.(FibCBV_3.fr.5).4.1).(FibCBV_2.(FibCBV_3.(FibCBV_3.fr.5).4).4)
-> FibCBV_2.(FibCBV_3.(FibCBV_3.fr.5).4).4.3
-> FibCBV.4.(FibCBV_3.(FibCBV_3.(FibCBV_3.fr.5).4).3)
-> S.3.(FibCBV_3.(FibCBV_3.(FibCBV_3.fr.5).4).3.0).(FibCBV_1.(FibCBV_3.(FibCBV_3.(FibCBV_3.fr.5).4).3))
-> FibCBV_1.(FibCBV_3.(FibCBV_3.(FibCBV_3.fr.5).4).3).3
-> S.2.(FibCBV_3.(FibCBV_3.(FibCBV_3.fr.5).4).3.1).(FibCBV_2.(FibCBV_3.(FibCBV_3.(FibCBV_3.fr.5).4).3).3)
-> FibCBV_2.(FibCBV_3.(FibCBV_3.(FibCBV_3.fr.5).4).3).3.2
-> FibCBV.3.(FibCBV_3.(FibCBV_3.(FibCBV_3.(FibCBV_3.fr.5).4).3).2)
-> S.2.(FibCBV_3.(FibCBV_3.(FibCBV_3.(FibCBV_3.fr.5).4).3).2.0).(FibCBV_1.(FibCBV_3.(FibCBV_3.(FibCBV_3.(FibCBV_3.fr.5).4).3).2))
-> FibCBV_1.(FibCBV_3.(FibCBV_3.(FibCBV_3.(FibCBV_3.fr.5).4).3).2).2
-> S.1.(FibCBV_3.(FibCBV_3.(FibCBV_3.(FibCBV_3.fr.5).4).3).2.1).(FibCBV_2.(FibCBV_3.(FibCBV_3.(FibCBV_3.(FibCBV_3.fr.5).4).3).2).2)
-> FibCBV_2.(FibCBV_3.(FibCBV_3.(FibCBV_3.(FibCBV_3.fr.5).4).3).2).2.1
-> FibCBV.2.(FibCBV_3.(FibCBV_3.(FibCBV_3.(FibCBV_3.(FibCBV_3.fr.5).4).3).2).1)
-> S.1.(FibCBV_3.(FibCBV_3.(FibCBV_3.(FibCBV_3.(FibCBV_3.fr.5).4).3).2).1.0).(FibCBV_1.(FibCBV_3.(FibCBV_3.(FibCBV_3.(FibCBV_3.(FibCBV_3.fr.5).4).3).2).1))
-> FibCBV_1.(FibCBV_3.(FibCBV_3.(FibCBV_3.(FibCBV_3.(FibCBV_3.fr.5).4).3).2).1).1
-> S.0.(FibCBV_3.(FibCBV_3.(FibCBV_3.(FibCBV_3.(FibCBV_3.fr.5).4).3).2).1.1).(FibCBV_2.(FibCBV_3.(FibCBV_3.(FibCBV_3.(FibCBV_3.(FibCBV_3.fr.5).4).3).2).1).1)
-> FibCBV_2.(FibCBV_3.(FibCBV_3.(FibCBV_3.(FibCBV_3.(FibCBV_3.fr.5).4).3).2).1).1.0
-> FibCBV.1.(FibCBV_3.(FibCBV_3.(FibCBV_3.(FibCBV_3.(FibCBV_3.(FibCBV_3.fr.5).4).3).2).1).0)
-> S.0.(FibCBV_3.(FibCBV_3.(FibCBV_3.(FibCBV_3.(FibCBV_3.(FibCBV_3.fr.5).4).3).2).1).0.0).(FibCBV_1.(FibCBV_3.(FibCBV_3.(FibCBV_3.(FibCBV_3.(FibCBV_3.(FibCBV_3.fr.5).4).3).2).1).0))
-> FibCBV_1.(FibCBV_3.(FibCBV_3.(FibCBV_3.(FibCBV_3.(FibCBV_3.(FibCBV_3.fr.5).4).3).2).1).0).0
-> 0.(FibCBV_3.(FibCBV_3.(FibCBV_3.(FibCBV_3.(FibCBV_3.(FibCBV_3.fr.5).4).3).2).1).0.1).(FibCBV_2.(FibCBV_3.(FibCBV_3.(FibCBV_3.(FibCBV_3.(FibCBV_3.(FibCBV_3.fr.5).4).3).2).1).0).0)
-> FibCBV_3.(FibCBV_3.(FibCBV_3.(FibCBV_3.(FibCBV_3.(FibCBV_3.fr.5).4).3).2).1).0.1
-> FibCBV.0.(FibCBV_4.(FibCBV_3.(FibCBV_3.(FibCBV_3.(FibCBV_3.(FibCBV_3.fr.5).4).3).2).1).1)
-> 0.(FibCBV_4.(FibCBV_3.(FibCBV_3.(FibCBV_3.(FibCBV_3.(FibCBV_3.fr.5).4).3).2).1).1.0).(FibCBV_1.(FibCBV_4.(FibCBV_3.(FibCBV_3.(FibCBV_3.(FibCBV_3.(FibCBV_3.fr.5).4).3).2).1).1))
-> FibCBV_4.(FibCBV_3.(FibCBV_3.(FibCBV_3.(FibCBV_3.(FibCBV_3.fr.5).4).3).2).1).1.0
-> AddCBV.1.0.(FibCBV_3.(FibCBV_3.(FibCBV_3.(FibCBV_3.(FibCBV_3.fr.5).4).3).2).1)
-> S.0.(FibCBV_3.(FibCBV_3.(FibCBV_3.(FibCBV_3.(FibCBV_3.fr.5).4).3).2).1.0).(AddCBV'.0.(FibCBV_3.(FibCBV_3.(FibCBV_3.(FibCBV_3.(FibCBV_3.fr.5).4).3).2).1))
-> AddCBV'.0.(FibCBV_3.(FibCBV_3.(FibCBV_3.(FibCBV_3.(FibCBV_3.fr.5).4).3).2).1).0
-> AddCBV.0.1.(FibCBV_3.(FibCBV_3.(FibCBV_3.(FibCBV_3.(FibCBV_3.fr.5).4).3).2).1)
-> 0.(FibCBV_3.(FibCBV_3.(FibCBV_3.(FibCBV_3.(FibCBV_3.fr.5).4).3).2).1.1).(AddCBV'.1.(FibCBV_3.(FibCBV_3.(FibCBV_3.(FibCBV_3.(FibCBV_3.fr.5).4).3).2).1))
-> FibCBV_3.(FibCBV_3.(FibCBV_3.(FibCBV_3.(FibCBV_3.fr.5).4).3).2).1.1
-> FibCBV.1.(FibCBV_4.(FibCBV_3.(FibCBV_3.(FibCBV_3.(FibCBV_3.fr.5).4).3).2).1)
-> S.0.(FibCBV_4.(FibCBV_3.(FibCBV_3.(FibCBV_3.(FibCBV_3.fr.5).4).3).2).1.0).(FibCBV_1.(FibCBV_4.(FibCBV_3.(FibCBV_3.(FibCBV_3.(FibCBV_3.fr.5).4).3).2).1))
-> FibCBV_1.(FibCBV_4.(FibCBV_3.(FibCBV_3.(FibCBV_3.(FibCBV_3.fr.5).4).3).2).1).0
-> 0.(FibCBV_4.(FibCBV_3.(FibCBV_3.(FibCBV_3.(FibCBV_3.fr.5).4).3).2).1.1).(FibCBV_2.(FibCBV_4.(FibCBV_3.(FibCBV_3.(FibCBV_3.(FibCBV_3.fr.5).4).3).2).1).0)
-> FibCBV_4.(FibCBV_3.(FibCBV_3.(FibCBV_3.(FibCBV_3.fr.5).4).3).2).1.1
-> AddCBV.1.1.(FibCBV_3.(FibCBV_3.(FibCBV_3.(FibCBV_3.fr.5).4).3).2)
-> S.0.(FibCBV_3.(FibCBV_3.(FibCBV_3.(FibCBV_3.fr.5).4).3).2.1).(AddCBV'.1.(FibCBV_3.(FibCBV_3.(FibCBV_3.(FibCBV_3.fr.5).4).3).2))
-> AddCBV'.1.(FibCBV_3.(FibCBV_3.(FibCBV_3.(FibCBV_3.fr.5).4).3).2).0
-> AddCBV.0.2.(FibCBV_3.(FibCBV_3.(FibCBV_3.(FibCBV_3.fr.5).4).3).2)
-> 0.(FibCBV_3.(FibCBV_3.(FibCBV_3.(FibCBV_3.fr.5).4).3).2.2).(AddCBV'.2.(FibCBV_3.(FibCBV_3.(FibCBV_3.(FibCBV_3.fr.5).4).3).2))
-> FibCBV_3.(FibCBV_3.(FibCBV_3.(FibCBV_3.fr.5).4).3).2.2
-> FibCBV.2.(FibCBV_4.(FibCBV_3.(FibCBV_3.(FibCBV_3.fr.5).4).3).2)
-> S.1.(FibCBV_4.(FibCBV_3.(FibCBV_3.(FibCBV_3.fr.5).4).3).2.0).(FibCBV_1.(FibCBV_4.(FibCBV_3.(FibCBV_3.(FibCBV_3.fr.5).4).3).2))
-> FibCBV_1.(FibCBV_4.(FibCBV_3.(FibCBV_3.(FibCBV_3.fr.5).4).3).2).1
-> S.0.(FibCBV_4.(FibCBV_3.(FibCBV_3.(FibCBV_3.fr.5).4).3).2.1).(FibCBV_2.(FibCBV_4.(FibCBV_3.(FibCBV_3.(FibCBV_3.fr.5).4).3).2).1)
-> FibCBV_2.(FibCBV_4.(FibCBV_3.(FibCBV_3.(FibCBV_3.fr.5).4).3).2).1.0
-> FibCBV.1.(FibCBV_3.(FibCBV_4.(FibCBV_3.(FibCBV_3.(FibCBV_3.fr.5).4).3).2).0)
-> S.0.(FibCBV_3.(FibCBV_4.(FibCBV_3.(FibCBV_3.(FibCBV_3.fr.5).4).3).2).0.0).(FibCBV_1.(FibCBV_3.(FibCBV_4.(FibCBV_3.(FibCBV_3.(FibCBV_3.fr.5).4).3).2).0))
-> FibCBV_1.(FibCBV_3.(FibCBV_4.(FibCBV_3.(FibCBV_3.(FibCBV_3.fr.5).4).3).2).0).0
-> 0.(FibCBV_3.(FibCBV_4.(FibCBV_3.(FibCBV_3.(FibCBV_3.fr.5).4).3).2).0.1).(FibCBV_2.(FibCBV_3.(FibCBV_4.(FibCBV_3.(FibCBV_3.(FibCBV_3.fr.5).4).3).2).0).0)
-> FibCBV_3.(FibCBV_4.(FibCBV_3.(FibCBV_3.(FibCBV_3.fr.5).4).3).2).0.1
-> FibCBV.0.(FibCBV_4.(FibCBV_4.(FibCBV_3.(FibCBV_3.(FibCBV_3.fr.5).4).3).2).1)
-> 0.(FibCBV_4.(FibCBV_4.(FibCBV_3.(FibCBV_3.(FibCBV_3.fr.5).4).3).2).1.0).(FibCBV_1.(FibCBV_4.(FibCBV_4.(FibCBV_3.(FibCBV_3.(FibCBV_3.fr.5).4).3).2).1))
-> FibCBV_4.(FibCBV_4.(FibCBV_3.(FibCBV_3.(FibCBV_3.fr.5).4).3).2).1.0
-> AddCBV.1.0.(FibCBV_4.(FibCBV_3.(FibCBV_3.(FibCBV_3.fr.5).4).3).2)
-> S.0.(FibCBV_4.(FibCBV_3.(FibCBV_3.(FibCBV_3.fr.5).4).3).2.0).(AddCBV'.0.(FibCBV_4.(FibCBV_3.(FibCBV_3.(FibCBV_3.fr.5).4).3).2))
-> AddCBV'.0.(FibCBV_4.(FibCBV_3.(FibCBV_3.(FibCBV_3.fr.5).4).3).2).0
-> AddCBV.0.1.(FibCBV_4.(FibCBV_3.(FibCBV_3.(FibCBV_3.fr.5).4).3).2)
-> 0.(FibCBV_4.(FibCBV_3.(FibCBV_3.(FibCBV_3.fr.5).4).3).2.1).(AddCBV'.1.(FibCBV_4.(FibCBV_3.(FibCBV_3.(FibCBV_3.fr.5).4).3).2))
-> FibCBV_4.(FibCBV_3.(FibCBV_3.(FibCBV_3.fr.5).4).3).2.1
-> AddCBV.2.1.(FibCBV_3.(FibCBV_3.(FibCBV_3.fr.5).4).3)
-> S.1.(FibCBV_3.(FibCBV_3.(FibCBV_3.fr.5).4).3.1).(AddCBV'.1.(FibCBV_3.(FibCBV_3.(FibCBV_3.fr.5).4).3))
-> AddCBV'.1.(FibCBV_3.(FibCBV_3.(FibCBV_3.fr.5).4).3).1
-> AddCBV.1.2.(FibCBV_3.(FibCBV_3.(FibCBV_3.fr.5).4).3)
-> S.0.(FibCBV_3.(FibCBV_3.(FibCBV_3.fr.5).4).3.2).(AddCBV'.2.(FibCBV_3.(FibCBV_3.(FibCBV_3.fr.5).4).3))
-> AddCBV'.2.(FibCBV_3.(FibCBV_3.(FibCBV_3.fr.5).4).3).0
-> AddCBV.0.3.(FibCBV_3.(FibCBV_3.(FibCBV_3.fr.5).4).3)
-> 0.(FibCBV_3.(FibCBV_3.(FibCBV_3.fr.5).4).3.3).(AddCBV'.3.(FibCBV_3.(FibCBV_3.(FibCBV_3.fr.5).4).3))
-> FibCBV_3.(FibCBV_3.(FibCBV_3.fr.5).4).3.3
-> FibCBV.3.(FibCBV_4.(FibCBV_3.(FibCBV_3.fr.5).4).3)
-> S.2.(FibCBV_4.(FibCBV_3.(FibCBV_3.fr.5).4).3.0).(FibCBV_1.(FibCBV_4.(FibCBV_3.(FibCBV_3.fr.5).4).3))
-> FibCBV_1.(FibCBV_4.(FibCBV_3.(FibCBV_3.fr.5).4).3).2
-> S.1.(FibCBV_4.(FibCBV_3.(FibCBV_3.fr.5).4).3.1).(FibCBV_2.(FibCBV_4.(FibCBV_3.(FibCBV_3.fr.5).4).3).2)
-> FibCBV_2.(FibCBV_4.(FibCBV_3.(FibCBV_3.fr.5).4).3).2.1
-> FibCBV.2.(FibCBV_3.(FibCBV_4.(FibCBV_3.(FibCBV_3.fr.5).4).3).1)
-> S.1.(FibCBV_3.(FibCBV_4.(FibCBV_3.(FibCBV_3.fr.5).4).3).1.0).(FibCBV_1.(FibCBV_3.(FibCBV_4.(FibCBV_3.(FibCBV_3.fr.5).4).3).1))
-> FibCBV_1.(FibCBV_3.(FibCBV_4.(FibCBV_3.(FibCBV_3.fr.5).4).3).1).1
-> S.0.(FibCBV_3.(FibCBV_4.(FibCBV_3.(FibCBV_3.fr.5).4).3).1.1).(FibCBV_2.(FibCBV_3.(FibCBV_4.(FibCBV_3.(FibCBV_3.fr.5).4).3).1).1)
-> FibCBV_2.(FibCBV_3.(FibCBV_4.(FibCBV_3.(FibCBV_3.fr.5).4).3).1).1.0
-> FibCBV.1.(FibCBV_3.(FibCBV_3.(FibCBV_4.(FibCBV_3.(FibCBV_3.fr.5).4).3).1).0)
-> S.0.(FibCBV_3.(FibCBV_3.(FibCBV_4.(FibCBV_3.(FibCBV_3.fr.5).4).3).1).0.0).(FibCBV_1.(FibCBV_3.(FibCBV_3.(FibCBV_4.(FibCBV_3.(FibCBV_3.fr.5).4).3).1).0))
-> FibCBV_1.(FibCBV_3.(FibCBV_3.(FibCBV_4.(FibCBV_3.(FibCBV_3.fr.5).4).3).1).0).0
-> 0.(FibCBV_3.(FibCBV_3.(FibCBV_4.(FibCBV_3.(FibCBV_3.fr.5).4).3).1).0.1).(FibCBV_2.(FibCBV_3.(FibCBV_3.(FibCBV_4.(FibCBV_3.(FibCBV_3.fr.5).4).3).1).0).0)
-> FibCBV_3.(FibCBV_3.(FibCBV_4.(FibCBV_3.(FibCBV_3.fr.5).4).3).1).0.1
-> FibCBV.0.(FibCBV_4.(FibCBV_3.(FibCBV_4.(FibCBV_3.(FibCBV_3.fr.5).4).3).1).1)
-> 0.(FibCBV_4.(FibCBV_3.(FibCBV_4.(FibCBV_3.(FibCBV_3.fr.5).4).3).1).1.0).(FibCBV_1.(FibCBV_4.(FibCBV_3.(FibCBV_4.(FibCBV_3.(FibCBV_3.fr.5).4).3).1).1))
-> FibCBV_4.(FibCBV_3.(FibCBV_4.(FibCBV_3.(FibCBV_3.fr.5).4).3).1).1.0
-> AddCBV.1.0.(FibCBV_3.(FibCBV_4.(FibCBV_3.(FibCBV_3.fr.5).4).3).1)
-> S.0.(FibCBV_3.(FibCBV_4.(FibCBV_3.(FibCBV_3.fr.5).4).3).1.0).(AddCBV'.0.(FibCBV_3.(FibCBV_4.(FibCBV_3.(FibCBV_3.fr.5).4).3).1))
-> AddCBV'.0.(FibCBV_3.(FibCBV_4.(FibCBV_3.(FibCBV_3.fr.5).4).3).1).0
-> AddCBV.0.1.(FibCBV_3.(FibCBV_4.(FibCBV_3.(FibCBV_3.fr.5).4).3).1)
-> 0.(FibCBV_3.(FibCBV_4.(FibCBV_3.(FibCBV_3.fr.5).4).3).1.1).(AddCBV'.1.(FibCBV_3.(FibCBV_4.(FibCBV_3.(FibCBV_3.fr.5).4).3).1))
-> FibCBV_3.(FibCBV_4.(FibCBV_3.(FibCBV_3.fr.5).4).3).1.1
-> FibCBV.1.(FibCBV_4.(FibCBV_4.(FibCBV_3.(FibCBV_3.fr.5).4).3).1)
-> S.0.(FibCBV_4.(FibCBV_4.(FibCBV_3.(FibCBV_3.fr.5).4).3).1.0).(FibCBV_1.(FibCBV_4.(FibCBV_4.(FibCBV_3.(FibCBV_3.fr.5).4).3).1))
-> FibCBV_1.(FibCBV_4.(FibCBV_4.(FibCBV_3.(FibCBV_3.fr.5).4).3).1).0
-> 0.(FibCBV_4.(FibCBV_4.(FibCBV_3.(FibCBV_3.fr.5).4).3).1.1).(FibCBV_2.(FibCBV_4.(FibCBV_4.(FibCBV_3.(FibCBV_3.fr.5).4).3).1).0)
-> FibCBV_4.(FibCBV_4.(FibCBV_3.(FibCBV_3.fr.5).4).3).1.1
-> AddCBV.1.1.(FibCBV_4.(FibCBV_3.(FibCBV_3.fr.5).4).3)
-> S.0.(FibCBV_4.(FibCBV_3.(FibCBV_3.fr.5).4).3.1).(AddCBV'.1.(FibCBV_4.(FibCBV_3.(FibCBV_3.fr.5).4).3))
-> AddCBV'.1.(FibCBV_4.(FibCBV_3.(FibCBV_3.fr.5).4).3).0
-> AddCBV.0.2.(FibCBV_4.(FibCBV_3.(FibCBV_3.fr.5).4).3)
-> 0.(FibCBV_4.(FibCBV_3.(FibCBV_3.fr.5).4).3.2).(AddCBV'.2.(FibCBV_4.(FibCBV_3.(FibCBV_3.fr.5).4).3))
-> FibCBV_4.(FibCBV_3.(FibCBV_3.fr.5).4).3.2
-> AddCBV.3.2.(FibCBV_3.(FibCBV_3.fr.5).4)
-> S.2.(FibCBV_3.(FibCBV_3.fr.5).4.2).(AddCBV'.2.(FibCBV_3.(FibCBV_3.fr.5).4))
-> AddCBV'.2.(FibCBV_3.(FibCBV_3.fr.5).4).2
-> AddCBV.2.3.(FibCBV_3.(FibCBV_3.fr.5).4)
-> S.1.(FibCBV_3.(FibCBV_3.fr.5).4.3).(AddCBV'.3.(FibCBV_3.(FibCBV_3.fr.5).4))
-> AddCBV'.3.(FibCBV_3.(FibCBV_3.fr.5).4).1
-> AddCBV.1.4.(FibCBV_3.(FibCBV_3.fr.5).4)
-> S.0.(FibCBV_3.(FibCBV_3.fr.5).4.4).(AddCBV'.4.(FibCBV_3.(FibCBV_3.fr.5).4))
-> AddCBV'.4.(FibCBV_3.(FibCBV_3.fr.5).4).0
-> AddCBV.0.5.(FibCBV_3.(FibCBV_3.fr.5).4)
-> 0.(FibCBV_3.(FibCBV_3.fr.5).4.5).(AddCBV'.5.(FibCBV_3.(FibCBV_3.fr.5).4))
-> FibCBV_3.(FibCBV_3.fr.5).4.5
-> FibCBV.4.(FibCBV_4.(FibCBV_3.fr.5).5)
-> S.3.(FibCBV_4.(FibCBV_3.fr.5).5.0).(FibCBV_1.(FibCBV_4.(FibCBV_3.fr.5).5))
-> FibCBV_1.(FibCBV_4.(FibCBV_3.fr.5).5).3
-> S.2.(FibCBV_4.(FibCBV_3.fr.5).5.1).(FibCBV_2.(FibCBV_4.(FibCBV_3.fr.5).5).3)
-> FibCBV_2.(FibCBV_4.(FibCBV_3.fr.5).5).3.2
-> FibCBV.3.(FibCBV_3.(FibCBV_4.(FibCBV_3.fr.5).5).2)
-> S.2.(FibCBV_3.(FibCBV_4.(FibCBV_3.fr.5).5).2.0).(FibCBV_1.(FibCBV_3.(FibCBV_4.(FibCBV_3.fr.5).5).2))
-> FibCBV_1.(FibCBV_3.(FibCBV_4.(FibCBV_3.fr.5).5).2).2
-> S.1.(FibCBV_3.(FibCBV_4.(FibCBV_3.fr.5).5).2.1).(FibCBV_2.(FibCBV_3.(FibCBV_4.(FibCBV_3.fr.5).5).2).2)
-> FibCBV_2.(FibCBV_3.(FibCBV_4.(FibCBV_3.fr.5).5).2).2.1
-> FibCBV.2.(FibCBV_3.(FibCBV_3.(FibCBV_4.(FibCBV_3.fr.5).5).2).1)
-> S.1.(FibCBV_3.(FibCBV_3.(FibCBV_4.(FibCBV_3.fr.5).5).2).1.0).(FibCBV_1.(FibCBV_3.(FibCBV_3.(FibCBV_4.(FibCBV_3.fr.5).5).2).1))
-> FibCBV_1.(FibCBV_3.(FibCBV_3.(FibCBV_4.(FibCBV_3.fr.5).5).2).1).1
-> S.0.(FibCBV_3.(FibCBV_3.(FibCBV_4.(FibCBV_3.fr.5).5).2).1.1).(FibCBV_2.(FibCBV_3.(FibCBV_3.(FibCBV_4.(FibCBV_3.fr.5).5).2).1).1)
-> FibCBV_2.(FibCBV_3.(FibCBV_3.(FibCBV_4.(FibCBV_3.fr.5).5).2).1).1.0
-> FibCBV.1.(FibCBV_3.(FibCBV_3.(FibCBV_3.(FibCBV_4.(FibCBV_3.fr.5).5).2).1).0)
-> S.0.(FibCBV_3.(FibCBV_3.(FibCBV_3.(FibCBV_4.(FibCBV_3.fr.5).5).2).1).0.0).(FibCBV_1.(FibCBV_3.(FibCBV_3.(FibCBV_3.(FibCBV_4.(FibCBV_3.fr.5).5).2).1).0))
-> FibCBV_1.(FibCBV_3.(FibCBV_3.(FibCBV_3.(FibCBV_4.(FibCBV_3.fr.5).5).2).1).0).0
-> 0.(FibCBV_3.(FibCBV_3.(FibCBV_3.(FibCBV_4.(FibCBV_3.fr.5).5).2).1).0.1).(FibCBV_2.(FibCBV_3.(FibCBV_3.(FibCBV_3.(FibCBV_4.(FibCBV_3.fr.5).5).2).1).0).0)
-> FibCBV_3.(FibCBV_3.(FibCBV_3.(FibCBV_4.(FibCBV_3.fr.5).5).2).1).0.1
-> FibCBV.0.(FibCBV_4.(FibCBV_3.(FibCBV_3.(FibCBV_4.(FibCBV_3.fr.5).5).2).1).1)
-> 0.(FibCBV_4.(FibCBV_3.(FibCBV_3.(FibCBV_4.(FibCBV_3.fr.5).5).2).1).1.0).(FibCBV_1.(FibCBV_4.(FibCBV_3.(FibCBV_3.(FibCBV_4.(FibCBV_3.fr.5).5).2).1).1))
-> FibCBV_4.(FibCBV_3.(FibCBV_3.(FibCBV_4.(FibCBV_3.fr.5).5).2).1).1.0
-> AddCBV.1.0.(FibCBV_3.(FibCBV_3.(FibCBV_4.(FibCBV_3.fr.5).5).2).1)
-> S.0.(FibCBV_3.(FibCBV_3.(FibCBV_4.(FibCBV_3.fr.5).5).2).1.0).(AddCBV'.0.(FibCBV_3.(FibCBV_3.(FibCBV_4.(FibCBV_3.fr.5).5).2).1))
-> AddCBV'.0.(FibCBV_3.(FibCBV_3.(FibCBV_4.(FibCBV_3.fr.5).5).2).1).0
-> AddCBV.0.1.(FibCBV_3.(FibCBV_3.(FibCBV_4.(FibCBV_3.fr.5).5).2).1)
-> 0.(FibCBV_3.(FibCBV_3.(FibCBV_4.(FibCBV_3.fr.5).5).2).1.1).(AddCBV'.1.(FibCBV_3.(FibCBV_3.(FibCBV_4.(FibCBV_3.fr.5).5).2).1))
-> FibCBV_3.(FibCBV_3.(FibCBV_4.(FibCBV_3.fr.5).5).2).1.1
-> FibCBV.1.(FibCBV_4.(FibCBV_3.(FibCBV_4.(FibCBV_3.fr.5).5).2).1)
-> S.0.(FibCBV_4.(FibCBV_3.(FibCBV_4.(FibCBV_3.fr.5).5).2).1.0).(FibCBV_1.(FibCBV_4.(FibCBV_3.(FibCBV_4.(FibCBV_3.fr.5).5).2).1))
-> FibCBV_1.(FibCBV_4.(FibCBV_3.(FibCBV_4.(FibCBV_3.fr.5).5).2).1).0
-> 0.(FibCBV_4.(FibCBV_3.(FibCBV_4.(FibCBV_3.fr.5).5).2).1.1).(FibCBV_2.(FibCBV_4.(FibCBV_3.(FibCBV_4.(FibCBV_3.fr.5).5).2).1).0)
-> FibCBV_4.(FibCBV_3.(FibCBV_4.(FibCBV_3.fr.5).5).2).1.1
-> AddCBV.1.1.(FibCBV_3.(FibCBV_4.(FibCBV_3.fr.5).5).2)
-> S.0.(FibCBV_3.(FibCBV_4.(FibCBV_3.fr.5).5).2.1).(AddCBV'.1.(FibCBV_3.(FibCBV_4.(FibCBV_3.fr.5).5).2))
-> AddCBV'.1.(FibCBV_3.(FibCBV_4.(FibCBV_3.fr.5).5).2).0
-> AddCBV.0.2.(FibCBV_3.(FibCBV_4.(FibCBV_3.fr.5).5).2)
-> 0.(FibCBV_3.(FibCBV_4.(FibCBV_3.fr.5).5).2.2).(AddCBV'.2.(FibCBV_3.(FibCBV_4.(FibCBV_3.fr.5).5).2))
-> FibCBV_3.(FibCBV_4.(FibCBV_3.fr.5).5).2.2
-> FibCBV.2.(FibCBV_4.(FibCBV_4.(FibCBV_3.fr.5).5).2)
-> S.1.(FibCBV_4.(FibCBV_4.(FibCBV_3.fr.5).5).2.0).(FibCBV_1.(FibCBV_4.(FibCBV_4.(FibCBV_3.fr.5).5).2))
-> FibCBV_1.(FibCBV_4.(FibCBV_4.(FibCBV_3.fr.5).5).2).1
-> S.0.(FibCBV_4.(FibCBV_4.(FibCBV_3.fr.5).5).2.1).(FibCBV_2.(FibCBV_4.(FibCBV_4.(FibCBV_3.fr.5).5).2).1)
-> FibCBV_2.(FibCBV_4.(FibCBV_4.(FibCBV_3.fr.5).5).2).1.0
-> FibCBV.1.(FibCBV_3.(FibCBV_4.(FibCBV_4.(FibCBV_3.fr.5).5).2).0)
-> S.0.(FibCBV_3.(FibCBV_4.(FibCBV_4.(FibCBV_3.fr.5).5).2).0.0).(FibCBV_1.(FibCBV_3.(FibCBV_4.(FibCBV_4.(FibCBV_3.fr.5).5).2).0))
-> FibCBV_1.(FibCBV_3.(FibCBV_4.(FibCBV_4.(FibCBV_3.fr.5).5).2).0).0
-> 0.(FibCBV_3.(FibCBV_4.(FibCBV_4.(FibCBV_3.fr.5).5).2).0.1).(FibCBV_2.(FibCBV_3.(FibCBV_4.(FibCBV_4.(FibCBV_3.fr.5).5).2).0).0)
-> FibCBV_3.(FibCBV_4.(FibCBV_4.(FibCBV_3.fr.5).5).2).0.1
-> FibCBV.0.(FibCBV_4.(FibCBV_4.(FibCBV_4.(FibCBV_3.fr.5).5).2).1)
-> 0.(FibCBV_4.(FibCBV_4.(FibCBV_4.(FibCBV_3.fr.5).5).2).1.0).(FibCBV_1.(FibCBV_4.(FibCBV_4.(FibCBV_4.(FibCBV_3.fr.5).5).2).1))
-> FibCBV_4.(FibCBV_4.(FibCBV_4.(FibCBV_3.fr.5).5).2).1.0
-> AddCBV.1.0.(FibCBV_4.(FibCBV_4.(FibCBV_3.fr.5).5).2)
-> S.0.(FibCBV_4.(FibCBV_4.(FibCBV_3.fr.5).5).2.0).(AddCBV'.0.(FibCBV_4.(FibCBV_4.(FibCBV_3.fr.5).5).2))
-> AddCBV'.0.(FibCBV_4.(FibCBV_4.(FibCBV_3.fr.5).5).2).0
-> AddCBV.0.1.(FibCBV_4.(FibCBV_4.(FibCBV_3.fr.5).5).2)
-> 0.(FibCBV_4.(FibCBV_4.(FibCBV_3.fr.5).5).2.1).(AddCBV'.1.(FibCBV_4.(FibCBV_4.(FibCBV_3.fr.5).5).2))
-> FibCBV_4.(FibCBV_4.(FibCBV_3.fr.5).5).2.1
-> AddCBV.2.1.(FibCBV_4.(FibCBV_3.fr.5).5)
-> S.1.(FibCBV_4.(FibCBV_3.fr.5).5.1).(AddCBV'.1.(FibCBV_4.(FibCBV_3.fr.5).5))
-> AddCBV'.1.(FibCBV_4.(FibCBV_3.fr.5).5).1
-> AddCBV.1.2.(FibCBV_4.(FibCBV_3.fr.5).5)
-> S.0.(FibCBV_4.(FibCBV_3.fr.5).5.2).(AddCBV'.2.(FibCBV_4.(FibCBV_3.fr.5).5))
-> AddCBV'.2.(FibCBV_4.(FibCBV_3.fr.5).5).0
-> AddCBV.0.3.(FibCBV_4.(FibCBV_3.fr.5).5)
-> 0.(FibCBV_4.(FibCBV_3.fr.5).5.3).(AddCBV'.3.(FibCBV_4.(FibCBV_3.fr.5).5))
-> FibCBV_4.(FibCBV_3.fr.5).5.3
-> AddCBV.5.3.(FibCBV_3.fr.5)
-> S.4.(FibCBV_3.fr.5.3).(AddCBV'.3.(FibCBV_3.fr.5))
-> AddCBV'.3.(FibCBV_3.fr.5).4
-> AddCBV.4.4.(FibCBV_3.fr.5)
-> S.3.(FibCBV_3.fr.5.4).(AddCBV'.4.(FibCBV_3.fr.5))
-> AddCBV'.4.(FibCBV_3.fr.5).3
-> AddCBV.3.5.(FibCBV_3.fr.5)
-> S.2.(FibCBV_3.fr.5.5).(AddCBV'.5.(FibCBV_3.fr.5))
-> AddCBV'.5.(FibCBV_3.fr.5).2
-> AddCBV.2.6.(FibCBV_3.fr.5)
-> S.1.(FibCBV_3.fr.5.6).(AddCBV'.6.(FibCBV_3.fr.5))
-> AddCBV'.6.(FibCBV_3.fr.5).1
-> AddCBV.1.7.(FibCBV_3.fr.5)
-> S.0.(FibCBV_3.fr.5.7).(AddCBV'.7.(FibCBV_3.fr.5))
-> AddCBV'.7.(FibCBV_3.fr.5).0
-> AddCBV.0.8.(FibCBV_3.fr.5)
-> 0.(FibCBV_3.fr.5.8).(AddCBV'.8.(FibCBV_3.fr.5))
-> FibCBV_3.fr.5.8
-> FibCBV.5.(FibCBV_4.fr.8)
-> S.4.(FibCBV_4.fr.8.0).(FibCBV_1.(FibCBV_4.fr.8))
-> FibCBV_1.(FibCBV_4.fr.8).4
-> S.3.(FibCBV_4.fr.8.1).(FibCBV_2.(FibCBV_4.fr.8).4)
-> FibCBV_2.(FibCBV_4.fr.8).4.3
-> FibCBV.4.(FibCBV_3.(FibCBV_4.fr.8).3)
-> S.3.(FibCBV_3.(FibCBV_4.fr.8).3.0).(FibCBV_1.(FibCBV_3.(FibCBV_4.fr.8).3))
-> FibCBV_1.(FibCBV_3.(FibCBV_4.fr.8).3).3
-> S.2.(FibCBV_3.(FibCBV_4.fr.8).3.1).(FibCBV_2.(FibCBV_3.(FibCBV_4.fr.8).3).3)
-> FibCBV_2.(FibCBV_3.(FibCBV_4.fr.8).3).3.2
-> FibCBV.3.(FibCBV_3.(FibCBV_3.(FibCBV_4.fr.8).3).2)
-> S.2.(FibCBV_3.(FibCBV_3.(FibCBV_4.fr.8).3).2.0).(FibCBV_1.(FibCBV_3.(FibCBV_3.(FibCBV_4.fr.8).3).2))
-> FibCBV_1.(FibCBV_3.(FibCBV_3.(FibCBV_4.fr.8).3).2).2
-> S.1.(FibCBV_3.(FibCBV_3.(FibCBV_4.fr.8).3).2.1).(FibCBV_2.(FibCBV_3.(FibCBV_3.(FibCBV_4.fr.8).3).2).2)
-> FibCBV_2.(FibCBV_3.(FibCBV_3.(FibCBV_4.fr.8).3).2).2.1
-> FibCBV.2.(FibCBV_3.(FibCBV_3.(FibCBV_3.(FibCBV_4.fr.8).3).2).1)
-> S.1.(FibCBV_3.(FibCBV_3.(FibCBV_3.(FibCBV_4.fr.8).3).2).1.0).(FibCBV_1.(FibCBV_3.(FibCBV_3.(FibCBV_3.(FibCBV_4.fr.8).3).2).1))
-> FibCBV_1.(FibCBV_3.(FibCBV_3.(FibCBV_3.(FibCBV_4.fr.8).3).2).1).1
-> S.0.(FibCBV_3.(FibCBV_3.(FibCBV_3.(FibCBV_4.fr.8).3).2).1.1).(FibCBV_2.(FibCBV_3.(FibCBV_3.(FibCBV_3.(FibCBV_4.fr.8).3).2).1).1)
-> FibCBV_2.(FibCBV_3.(FibCBV_3.(FibCBV_3.(FibCBV_4.fr.8).3).2).1).1.0
-> FibCBV.1.(FibCBV_3.(FibCBV_3.(FibCBV_3.(FibCBV_3.(FibCBV_4.fr.8).3).2).1).0)
-> S.0.(FibCBV_3.(FibCBV_3.(FibCBV_3.(FibCBV_3.(FibCBV_4.fr.8).3).2).1).0.0).(FibCBV_1.(FibCBV_3.(FibCBV_3.(FibCBV_3.(FibCBV_3.(FibCBV_4.fr.8).3).2).1).0))
-> FibCBV_1.(FibCBV_3.(FibCBV_3.(FibCBV_3.(FibCBV_3.(FibCBV_4.fr.8).3).2).1).0).0
-> 0.(FibCBV_3.(FibCBV_3.(FibCBV_3.(FibCBV_3.(FibCBV_4.fr.8).3).2).1).0.1).(FibCBV_2.(FibCBV_3.(FibCBV_3.(FibCBV_3.(FibCBV_3.(FibCBV_4.fr.8).3).2).1).0).0)
-> FibCBV_3.(FibCBV_3.(FibCBV_3.(FibCBV_3.(FibCBV_4.fr.8).3).2).1).0.1
-> FibCBV.0.(FibCBV_4.(FibCBV_3.(FibCBV_3.(FibCBV_3.(FibCBV_4.fr.8).3).2).1).1)
-> 0.(FibCBV_4.(FibCBV_3.(FibCBV_3.(FibCBV_3.(FibCBV_4.fr.8).3).2).1).1.0).(FibCBV_1.(FibCBV_4.(FibCBV_3.(FibCBV_3.(FibCBV_3.(FibCBV_4.fr.8).3).2).1).1))
-> FibCBV_4.(FibCBV_3.(FibCBV_3.(FibCBV_3.(FibCBV_4.fr.8).3).2).1).1.0
-> AddCBV.1.0.(FibCBV_3.(FibCBV_3.(FibCBV_3.(FibCBV_4.fr.8).3).2).1)
-> S.0.(FibCBV_3.(FibCBV_3.(FibCBV_3.(FibCBV_4.fr.8).3).2).1.0).(AddCBV'.0.(FibCBV_3.(FibCBV_3.(FibCBV_3.(FibCBV_4.fr.8).3).2).1))
-> AddCBV'.0.(FibCBV_3.(FibCBV_3.(FibCBV_3.(FibCBV_4.fr.8).3).2).1).0
-> AddCBV.0.1.(FibCBV_3.(FibCBV_3.(FibCBV_3.(FibCBV_4.fr.8).3).2).1)
-> 0.(FibCBV_3.(FibCBV_3.(FibCBV_3.(FibCBV_4.fr.8).3).2).1.1).(AddCBV'.1.(FibCBV_3.(FibCBV_3.(FibCBV_3.(FibCBV_4.fr.8).3).2).1))
-> FibCBV_3.(FibCBV_3.(FibCBV_3.(FibCBV_4.fr.8).3).2).1.1
-> FibCBV.1.(FibCBV_4.(FibCBV_3.(FibCBV_3.(FibCBV_4.fr.8).3).2).1)
-> S.0.(FibCBV_4.(FibCBV_3.(FibCBV_3.(FibCBV_4.fr.8).3).2).1.0).(FibCBV_1.(FibCBV_4.(FibCBV_3.(FibCBV_3.(FibCBV_4.fr.8).3).2).1))
-> FibCBV_1.(FibCBV_4.(FibCBV_3.(FibCBV_3.(FibCBV_4.fr.8).3).2).1).0
-> 0.(FibCBV_4.(FibCBV_3.(FibCBV_3.(FibCBV_4.fr.8).3).2).1.1).(FibCBV_2.(FibCBV_4.(FibCBV_3.(FibCBV_3.(FibCBV_4.fr.8).3).2).1).0)
-> FibCBV_4.(FibCBV_3.(FibCBV_3.(FibCBV_4.fr.8).3).2).1.1
-> AddCBV.1.1.(FibCBV_3.(FibCBV_3.(FibCBV_4.fr.8).3).2)
-> S.0.(FibCBV_3.(FibCBV_3.(FibCBV_4.fr.8).3).2.1).(AddCBV'.1.(FibCBV_3.(FibCBV_3.(FibCBV_4.fr.8).3).2))
-> AddCBV'.1.(FibCBV_3.(FibCBV_3.(FibCBV_4.fr.8).3).2).0
-> AddCBV.0.2.(FibCBV_3.(FibCBV_3.(FibCBV_4.fr.8).3).2)
-> 0.(FibCBV_3.(FibCBV_3.(FibCBV_4.fr.8).3).2.2).(AddCBV'.2.(FibCBV_3.(FibCBV_3.(FibCBV_4.fr.8).3).2))
-> FibCBV_3.(FibCBV_3.(FibCBV_4.fr.8).3).2.2
-> FibCBV.2.(FibCBV_4.(FibCBV_3.(FibCBV_4.fr.8).3).2)
-> S.1.(FibCBV_4.(FibCBV_3.(FibCBV_4.fr.8).3).2.0).(FibCBV_1.(FibCBV_4.(FibCBV_3.(FibCBV_4.fr.8).3).2))
-> FibCBV_1.(FibCBV_4.(FibCBV_3.(FibCBV_4.fr.8).3).2).1
-> S.0.(FibCBV_4.(FibCBV_3.(FibCBV_4.fr.8).3).2.1).(FibCBV_2.(FibCBV_4.(FibCBV_3.(FibCBV_4.fr.8).3).2).1)
-> FibCBV_2.(FibCBV_4.(FibCBV_3.(FibCBV_4.fr.8).3).2).1.0
-> FibCBV.1.(FibCBV_3.(FibCBV_4.(FibCBV_3.(FibCBV_4.fr.8).3).2).0)
-> S.0.(FibCBV_3.(FibCBV_4.(FibCBV_3.(FibCBV_4.fr.8).3).2).0.0).(FibCBV_1.(FibCBV_3.(FibCBV_4.(FibCBV_3.(FibCBV_4.fr.8).3).2).0))
-> FibCBV_1.(FibCBV_3.(FibCBV_4.(FibCBV_3.(FibCBV_4.fr.8).3).2).0).0
-> 0.(FibCBV_3.(FibCBV_4.(FibCBV_3.(FibCBV_4.fr.8).3).2).0.1).(FibCBV_2.(FibCBV_3.(FibCBV_4.(FibCBV_3.(FibCBV_4.fr.8).3).2).0).0)
-> FibCBV_3.(FibCBV_4.(FibCBV_3.(FibCBV_4.fr.8).3).2).0.1
-> FibCBV.0.(FibCBV_4.(FibCBV_4.(FibCBV_3.(FibCBV_4.fr.8).3).2).1)
-> 0.(FibCBV_4.(FibCBV_4.(FibCBV_3.(FibCBV_4.fr.8).3).2).1.0).(FibCBV_1.(FibCBV_4.(FibCBV_4.(FibCBV_3.(FibCBV_4.fr.8).3).2).1))
-> FibCBV_4.(FibCBV_4.(FibCBV_3.(FibCBV_4.fr.8).3).2).1.0
-> AddCBV.1.0.(FibCBV_4.(FibCBV_3.(FibCBV_4.fr.8).3).2)
-> S.0.(FibCBV_4.(FibCBV_3.(FibCBV_4.fr.8).3).2.0).(AddCBV'.0.(FibCBV_4.(FibCBV_3.(FibCBV_4.fr.8).3).2))
-> AddCBV'.0.(FibCBV_4.(FibCBV_3.(FibCBV_4.fr.8).3).2).0
-> AddCBV.0.1.(FibCBV_4.(FibCBV_3.(FibCBV_4.fr.8).3).2)
-> 0.(FibCBV_4.(FibCBV_3.(FibCBV_4.fr.8).3).2.1).(AddCBV'.1.(FibCBV_4.(FibCBV_3.(FibCBV_4.fr.8).3).2))
-> FibCBV_4.(FibCBV_3.(FibCBV_4.fr.8).3).2.1
-> AddCBV.2.1.(FibCBV_3.(FibCBV_4.fr.8).3)
-> S.1.(FibCBV_3.(FibCBV_4.fr.8).3.1).(AddCBV'.1.(FibCBV_3.(FibCBV_4.fr.8).3))
-> AddCBV'.1.(FibCBV_3.(FibCBV_4.fr.8).3).1
-> AddCBV.1.2.(FibCBV_3.(FibCBV_4.fr.8).3)
-> S.0.(FibCBV_3.(FibCBV_4.fr.8).3.2).(AddCBV'.2.(FibCBV_3.(FibCBV_4.fr.8).3))
-> AddCBV'.2.(FibCBV_3.(FibCBV_4.fr.8).3).0
-> AddCBV.0.3.(FibCBV_3.(FibCBV_4.fr.8).3)
-> 0.(FibCBV_3.(FibCBV_4.fr.8).3.3).(AddCBV'.3.(FibCBV_3.(FibCBV_4.fr.8).3))
-> FibCBV_3.(FibCBV_4.fr.8).3.3
-> FibCBV.3.(FibCBV_4.(FibCBV_4.fr.8).3)
-> S.2.(FibCBV_4.(FibCBV_4.fr.8).3.0).(FibCBV_1.(FibCBV_4.(FibCBV_4.fr.8).3))
-> FibCBV_1.(FibCBV_4.(FibCBV_4.fr.8).3).2
-> S.1.(FibCBV_4.(FibCBV_4.fr.8).3.1).(FibCBV_2.(FibCBV_4.(FibCBV_4.fr.8).3).2)
-> FibCBV_2.(FibCBV_4.(FibCBV_4.fr.8).3).2.1
-> FibCBV.2.(FibCBV_3.(FibCBV_4.(FibCBV_4.fr.8).3).1)
-> S.1.(FibCBV_3.(FibCBV_4.(FibCBV_4.fr.8).3).1.0).(FibCBV_1.(FibCBV_3.(FibCBV_4.(FibCBV_4.fr.8).3).1))
-> FibCBV_1.(FibCBV_3.(FibCBV_4.(FibCBV_4.fr.8).3).1).1
-> S.0.(FibCBV_3.(FibCBV_4.(FibCBV_4.fr.8).3).1.1).(FibCBV_2.(FibCBV_3.(FibCBV_4.(FibCBV_4.fr.8).3).1).1)
-> FibCBV_2.(FibCBV_3.(FibCBV_4.(FibCBV_4.fr.8).3).1).1.0
-> FibCBV.1.(FibCBV_3.(FibCBV_3.(FibCBV_4.(FibCBV_4.fr.8).3).1).0)
-> S.0.(FibCBV_3.(FibCBV_3.(FibCBV_4.(FibCBV_4.fr.8).3).1).0.0).(FibCBV_1.(FibCBV_3.(FibCBV_3.(FibCBV_4.(FibCBV_4.fr.8).3).1).0))
-> FibCBV_1.(FibCBV_3.(FibCBV_3.(FibCBV_4.(FibCBV_4.fr.8).3).1).0).0
-> 0.(FibCBV_3.(FibCBV_3.(FibCBV_4.(FibCBV_4.fr.8).3).1).0.1).(FibCBV_2.(FibCBV_3.(FibCBV_3.(FibCBV_4.(FibCBV_4.fr.8).3).1).0).0)
-> FibCBV_3.(FibCBV_3.(FibCBV_4.(FibCBV_4.fr.8).3).1).0.1
-> FibCBV.0.(FibCBV_4.(FibCBV_3.(FibCBV_4.(FibCBV_4.fr.8).3).1).1)
-> 0.(FibCBV_4.(FibCBV_3.(FibCBV_4.(FibCBV_4.fr.8).3).1).1.0).(FibCBV_1.(FibCBV_4.(FibCBV_3.(FibCBV_4.(FibCBV_4.fr.8).3).1).1))
-> FibCBV_4.(FibCBV_3.(FibCBV_4.(FibCBV_4.fr.8).3).1).1.0
-> AddCBV.1.0.(FibCBV_3.(FibCBV_4.(FibCBV_4.fr.8).3).1)
-> S.0.(FibCBV_3.(FibCBV_4.(FibCBV_4.fr.8).3).1.0).(AddCBV'.0.(FibCBV_3.(FibCBV_4.(FibCBV_4.fr.8).3).1))
-> AddCBV'.0.(FibCBV_3.(FibCBV_4.(FibCBV_4.fr.8).3).1).0
-> AddCBV.0.1.(FibCBV_3.(FibCBV_4.(FibCBV_4.fr.8).3).1)
-> 0.(FibCBV_3.(FibCBV_4.(FibCBV_4.fr.8).3).1.1).(AddCBV'.1.(FibCBV_3.(FibCBV_4.(FibCBV_4.fr.8).3).1))
-> FibCBV_3.(FibCBV_4.(FibCBV_4.fr.8).3).1.1
-> FibCBV.1.(FibCBV_4.(FibCBV_4.(FibCBV_4.fr.8).3).1)
-> S.0.(FibCBV_4.(FibCBV_4.(FibCBV_4.fr.8).3).1.0).(FibCBV_1.(FibCBV_4.(FibCBV_4.(FibCBV_4.fr.8).3).1))
-> FibCBV_1.(FibCBV_4.(FibCBV_4.(FibCBV_4.fr.8).3).1).0
-> 0.(FibCBV_4.(FibCBV_4.(FibCBV_4.fr.8).3).1.1).(FibCBV_2.(FibCBV_4.(FibCBV_4.(FibCBV_4.fr.8).3).1).0)
-> FibCBV_4.(FibCBV_4.(FibCBV_4.fr.8).3).1.1
-> AddCBV.1.1.(FibCBV_4.(FibCBV_4.fr.8).3)
-> S.0.(FibCBV_4.(FibCBV_4.fr.8).3.1).(AddCBV'.1.(FibCBV_4.(FibCBV_4.fr.8).3))
-> AddCBV'.1.(FibCBV_4.(FibCBV_4.fr.8).3).0
-> AddCBV.0.2.(FibCBV_4.(FibCBV_4.fr.8).3)
-> 0.(FibCBV_4.(FibCBV_4.fr.8).3.2).(AddCBV'.2.(FibCBV_4.(FibCBV_4.fr.8).3))
-> FibCBV_4.(FibCBV_4.fr.8).3.2
-> AddCBV.3.2.(FibCBV_4.fr.8)
-> S.2.(FibCBV_4.fr.8.2).(AddCBV'.2.(FibCBV_4.fr.8))
-> AddCBV'.2.(FibCBV_4.fr.8).2
-> AddCBV.2.3.(FibCBV_4.fr.8)
-> S.1.(FibCBV_4.fr.8.3).(AddCBV'.3.(FibCBV_4.fr.8))
-> AddCBV'.3.(FibCBV_4.fr.8).1
-> AddCBV.1.4.(FibCBV_4.fr.8)
-> S.0.(FibCBV_4.fr.8.4).(AddCBV'.4.(FibCBV_4.fr.8))
-> AddCBV'.4.(FibCBV_4.fr.8).0
-> AddCBV.0.5.(FibCBV_4.fr.8)
-> 0.(FibCBV_4.fr.8.5).(AddCBV'.5.(FibCBV_4.fr.8))
-> FibCBV_4.fr.8.5
-> AddCBV.8.5.fr
-> S.7.(fr.5).(AddCBV'.5.fr)
-> AddCBV'.5.fr.7
-> AddCBV.7.6.fr
-> S.6.(fr.6).(AddCBV'.6.fr)
-> AddCBV'.6.fr.6
-> AddCBV.6.7.fr
-> S.5.(fr.7).(AddCBV'.7.fr)
-> AddCBV'.7.fr.5
-> AddCBV.5.8.fr
-> S.4.(fr.8).(AddCBV'.8.fr)
-> AddCBV'.8.fr.4
-> AddCBV.4.9.fr
-> S.3.(fr.9).(AddCBV'.9.fr)
-> AddCBV'.9.fr.3
-> AddCBV.3.10.fr
-> S.2.(fr.10).(AddCBV'.10.fr)
-> AddCBV'.10.fr.2
-> AddCBV.2.11.fr
-> S.1.(fr.11).(AddCBV'.11.fr)
-> AddCBV'.11.fr.1
-> AddCBV.1.12.fr
-> S.0.(fr.12).(AddCBV'.12.fr)
-> AddCBV'.12.fr.0
-> AddCBV.0.13.fr
-> 0.(fr.13).(AddCBV'.13.fr)
-> fr.13
