AddCBV.13.0.fr
-> S.12.(fr.0).(AddCBV'.0.fr)
-> AddCBV'.0.fr.12
-> AddCBV.12.1.fr
-> S.11.(fr.1).(AddCBV'.1.fr)
-> AddCBV'.1.fr.11
-> AddCBV.11.2.fr
-> S.10.(fr.2).(AddCBV'.2.fr)
-> AddCBV'.2.fr.10
-> AddCBV.10.3.fr
-> S.9.(fr.3).(AddCBV'.3.fr)
-> AddCBV'.3.fr.9
-> AddCBV.9.4.fr
-> S.8.(fr.4).(AddCBV'.4.fr)
-> AddCBV'.4.fr.8
-> AddCBV.8.5.fr
-> S.7.(fr.5).(AddCBV'.5.fr)
-> AddCBV'.5.fr.7
-> AddCBV.7.6.fr
-> S.6.(fr.6).(AddCBV'.6.fr)
-> AddCBV'.6.fr.6
-> AddCBV.6.7.fr
-> S.5.(fr.7).(AddCBV'.7.fr)
-> AddCBV'.7.fr.5
-> AddCBV.5.8.fr
-> S.4.(fr.8).(AddCBV'.8.fr)
-> AddCBV'.8.fr.4
-> AddCBV.4.9.fr
-> S.3.(fr.9).(AddCBV'.9.fr)
-> AddCBV'.9.fr.3
-> AddCBV.3.10.fr
-> S.2.(fr.10).(AddCBV'.10.fr)
-> AddCBV'.10.fr.2
-> AddCBV.2.11.fr
-> S.1.(fr.11).(AddCBV'.11.fr)
-> AddCBV'.11.fr.1
-> AddCBV.1.12.fr
-> S.0.(fr.12).(AddCBV'.12.fr)
-> AddCBV'.12.fr.0
-> AddCBV.0.13.fr
-> 0.(fr.13).(AddCBV'.13.fr)
-> fr.13
