AddCBV.(FibCBN.7).0.fr
-> FibCBN.7.(fr.0).(AddCBV'.0.fr)
-> S.6.(fr.0).(FibCBN_1.(fr.0).(AddCBV'.0.fr))
-> FibCBN_1.(fr.0).(AddCBV'.0.fr).6
-> S.5.(AddCBV'.0.fr.0).(FibCBN_2.(fr.0).(AddCBV'.0.fr).6)
-> FibCBN_2.(fr.0).(AddCBV'.0.fr).6.5
-> AddCBN.(FibCBN.6).(FibCBN.5).(fr.0).(AddCBV'.0.fr)
-> FibCBN.6.(FibCBN.5.(fr.0).(AddCBV'.0.fr)).(AddCBN'.(FibCBN.5).(AddCBV'.0.fr))
-> S.5.(FibCBN.5.(fr.0).(AddCBV'.0.fr)).(FibCBN_1.(FibCBN.5.(fr.0).(AddCBV'.0.fr)).(AddCBN'.(FibCBN.5).(AddCBV'.0.fr)))
-> FibCBN_1.(FibCBN.5.(fr.0).(AddCBV'.0.fr)).(AddCBN'.(FibCBN.5).(AddCBV'.0.fr)).5
-> S.4.(AddCBN'.(FibCBN.5).(AddCBV'.0.fr).0).(FibCBN_2.(FibCBN.5.(fr.0).(AddCBV'.0.fr)).(AddCBN'.(FibCBN.5).(AddCBV'.0.fr)).5)
-> FibCBN_2.(FibCBN.5.(fr.0).(AddCBV'.0.fr)).(AddCBN'.(FibCBN.5).(AddCBV'.0.fr)).5.4
-> AddCBN.(FibCBN.5).(FibCBN.4).(FibCBN.5.(fr.0).(AddCBV'.0.fr)).(AddCBN'.(FibCBN.5).(AddCBV'.0.fr))
-> FibCBN.5.(FibCBN.4.(FibCBN.5.(fr.0).(AddCBV'.0.fr)).(AddCBN'.(FibCBN.5).(AddCBV'.0.fr))).(AddCBN'.(FibCBN.4).(AddCBN'.(FibCBN.5).(AddCBV'.0.fr)))
-> S.4.(FibCBN.4.(FibCBN.5.(fr.0).(AddCBV'.0.fr)).(AddCBN'.(FibCBN.5).(AddCBV'.0.fr))).(FibCBN_1.(FibCBN.4.(FibCBN.5.(fr.0).(AddCBV'.0.fr)).(AddCBN'.(FibCBN.5).(AddCBV'.0.fr))).(AddCBN'.(FibCBN.4).(AddCBN'.(FibCBN.5).(AddCBV'.0.fr))))
-> FibCBN_1.(FibCBN.4.(FibCBN.5.(fr.0).(AddCBV'.0.fr)).(AddCBN'.(FibCBN.5).(AddCBV'.0.fr))).(AddCBN'.(FibCBN.4).(AddCBN'.(FibCBN.5).(AddCBV'.0.fr))).4
-> S.3.(AddCBN'.(FibCBN.4).(AddCBN'.(FibCBN.5).(AddCBV'.0.fr)).0).(FibCBN_2.(FibCBN.4.(FibCBN.5.(fr.0).(AddCBV'.0.fr)).(AddCBN'.(FibCBN.5).(AddCBV'.0.fr))).(AddCBN'.(FibCBN.4).(AddCBN'.(FibCBN.5).(AddCBV'.0.fr))).4)
-> FibCBN_2.(FibCBN.4.(FibCBN.5.(fr.0).(AddCBV'.0.fr)).(AddCBN'.(FibCBN.5).(AddCBV'.0.fr))).(AddCBN'.(FibCBN.4).(AddCBN'.(FibCBN.5).(AddCBV'.0.fr))).4.3
-> AddCBN.(FibCBN.4).(FibCBN.3).(FibCBN.4.(FibCBN.5.(fr.0).(AddCBV'.0.fr)).(AddCBN'.(FibCBN.5).(AddCBV'.0.fr))).(AddCBN'.(FibCBN.4).(AddCBN'.(FibCBN.5).(AddCBV'.0.fr)))
-> FibCBN.4.(FibCBN.3.(FibCBN.4.(FibCBN.5.(fr.0).(AddCBV'.0.fr)).(AddCBN'.(FibCBN.5).(AddCBV'.0.fr))).(AddCBN'.(FibCBN.4).(AddCBN'.(FibCBN.5).(AddCBV'.0.fr)))).(AddCBN'.(FibCBN.3).(AddCBN'.(FibCBN.4).(AddCBN'.(FibCBN.5).(AddCBV'.0.fr))))
-> S.3.(FibCBN.3.(FibCBN.4.(FibCBN.5.(fr.0).(AddCBV'.0.fr)).(AddCBN'.(FibCBN.5).(AddCBV'.0.fr))).(AddCBN'.(FibCBN.4).(AddCBN'.(FibCBN.5).(AddCBV'.0.fr)))).(FibCBN_1.(FibCBN.3.(FibCBN.4.(FibCBN.5.(fr.0).(AddCBV'.0.fr)).(AddCBN'.(FibCBN.5).(AddCBV'.0.fr))).(AddCBN'.(FibCBN.4).(AddCBN'.(FibCBN.5).(AddCBV'.0.fr)))).(AddCBN'.(FibCBN.3).(AddCBN'.(FibCBN.4).(AddCBN'.(FibCBN.5).(AddCBV'.0.fr)))))
-> FibCBN_1.(FibCBN.3.(FibCBN.4.(FibCBN.5.(fr.0).(AddCBV'.0.fr)).(AddCBN'.(FibCBN.5).(AddCBV'.0.fr))).(AddCBN'.(FibCBN.4).(AddCBN'.(FibCBN.5).(AddCBV'.0.fr)))).(AddCBN'.(FibCBN.3).(AddCBN'.(FibCBN.4).(AddCBN'.(FibCBN.5).(AddCBV'.0.fr)))).3
-> S.2.(AddCBN'.(FibCBN.3).(AddCBN'.(FibCBN.4).(AddCBN'.(FibCBN.5).(AddCBV'.0.fr))).0).(FibCBN_2.(FibCBN.3.(FibCBN.4.(FibCBN.5.(fr.0).(AddCBV'.0.fr)).(AddCBN'.(FibCBN.5).(AddCBV'.0.fr))).(AddCBN'.(FibCBN.4).(AddCBN'.(FibCBN.5).(AddCBV'.0.fr)))).(AddCBN'.(FibCBN.3).(AddCBN'.(FibCBN.4).(AddCBN'.(FibCBN.5).(AddCBV'.0.fr)))).3)
-> FibCBN_2.(FibCBN.3.(FibCBN.4.(FibCBN.5.(fr.0).(AddCBV'.0.fr)).(AddCBN'.(FibCBN.5).(AddCBV'.0.fr))).(AddCBN'.(FibCBN.4).(AddCBN'.(FibCBN.5).(AddCBV'.0.fr)))).(AddCBN'.(FibCBN.3).(AddCBN'.(FibCBN.4).(AddCBN'.(FibCBN.5).(AddCBV'.0.fr)))).3.2
-> AddCBN.(FibCBN.3).(FibCBN.2).(FibCBN.3.(FibCBN.4.(FibCBN.5.(fr.0).(AddCBV'.0.fr)).(AddCBN'.(FibCBN.5).(AddCBV'.0.fr))).(AddCBN'.(FibCBN.4).(AddCBN'.(FibCBN.5).(AddCBV'.0.fr)))).(AddCBN'.(FibCBN.3).(AddCBN'.(FibCBN.4).(AddCBN'.(FibCBN.5).(AddCBV'.0.fr))))
-> FibCBN.3.(FibCBN.2.(FibCBN.3.(FibCBN.4.(FibCBN.5.(fr.0).(AddCBV'.0.fr)).(AddCBN'.(FibCBN.5).(AddCBV'.0.fr))).(AddCBN'.(FibCBN.4).(AddCBN'.(FibCBN.5).(AddCBV'.0.fr)))).(AddCBN'.(FibCBN.3).(AddCBN'.(FibCBN.4).(AddCBN'.(FibCBN.5).(AddCBV'.0.fr))))).(AddCBN'.(FibCBN.2).(AddCBN'.(FibCBN.3).(AddCBN'.(FibCBN.4).(AddCBN'.(FibCBN.5).(AddCBV'.0.fr)))))
-> S.2.(FibCBN.2.(FibCBN.3.(FibCBN.4.(FibCBN.5.(fr.0).(AddCBV'.0.fr)).(AddCBN'.(FibCBN.5).(AddCBV'.0.fr))).(AddCBN'.(FibCBN.4).(AddCBN'.(FibCBN.5).(AddCBV'.0.fr)))).(AddCBN'.(FibCBN.3).(AddCBN'.(FibCBN.4).(AddCBN'.(FibCBN.5).(AddCBV'.0.fr))))).(FibCBN_1.(FibCBN.2.(FibCBN.3.(FibCBN.4.(FibCBN.5.(fr.0).(AddCBV'.0.fr)).(AddCBN'.(FibCBN.5).(AddCBV'.0.fr))).(AddCBN'.(FibCBN.4).(AddCBN'.(FibCBN.5).(AddCBV'.0.fr)))).(AddCBN'.(FibCBN.3).(AddCBN'.(FibCBN.4).(AddCBN'.(FibCBN.5).(AddCBV'.0.fr))))).(AddCBN'.(FibCBN.2).(AddCBN'.(FibCBN.3).(AddCBN'.(FibCBN.4).(AddCBN'.(FibCBN.5).(AddCBV'.0.fr))))))
-> FibCBN_1.(FibCBN.2.(FibCBN.3.(FibCBN.4.(FibCBN.5.(fr.0).(AddCBV'.0.fr)).(AddCBN'.(FibCBN.5).(AddCBV'.0.fr))).(AddCBN'.(FibCBN.4).(AddCBN'.(FibCBN.5).(AddCBV'.0.fr)))).(AddCBN'.(FibCBN.3).(AddCBN'.(FibCBN.4).(AddCBN'.(FibCBN.5).(AddCBV'.0.fr))))).(AddCBN'.(FibCBN.2).(AddCBN'.(FibCBN.3).(AddCBN'.(FibCBN.4).(AddCBN'.(FibCBN.5).(AddCBV'.0.fr))))).2
-> S.1.(AddCBN'.(FibCBN.2).(AddCBN'.(FibCBN.3).(AddCBN'.(FibCBN.4).(AddCBN'.(FibCBN.5).(AddCBV'.0.fr)))).0).(FibCBN_2.(FibCBN.2.(FibCBN.3.(FibCBN.4.(FibCBN.5.(fr.0).(AddCBV'.0.fr)).(AddCBN'.(FibCBN.5).(AddCBV'.0.fr))).(AddCBN'.(FibCBN.4).(AddCBN'.(FibCBN.5).(AddCBV'.0.fr)))).(AddCBN'.(FibCBN.3).(AddCBN'.(FibCBN.4).(AddCBN'.(FibCBN.5).(AddCBV'.0.fr))))).(AddCBN'.(FibCBN.2).(AddCBN'.(FibCBN.3).(AddCBN'.(FibCBN.4).(AddCBN'.(FibCBN.5).(AddCBV'.0.fr))))).2)
-> FibCBN_2.(FibCBN.2.(FibCBN.3.(FibCBN.4.(FibCBN.5.(fr.0).(AddCBV'.0.fr)).(AddCBN'.(FibCBN.5).(AddCBV'.0.fr))).(AddCBN'.(FibCBN.4).(AddCBN'.(FibCBN.5).(AddCBV'.0.fr)))).(AddCBN'.(FibCBN.3).(AddCBN'.(FibCBN.4).(AddCBN'.(FibCBN.5).(AddCBV'.0.fr))))).(AddCBN'.(FibCBN.2).(AddCBN'.(FibCBN.3).(AddCBN'.(FibCBN.4).(AddCBN'.(FibCBN.5).(AddCBV'.0.fr))))).2.1
-> AddCBN.(FibCBN.2).(FibCBN.1).(FibCBN.2.(FibCBN.3.(FibCBN.4.(FibCBN.5.(fr.0).(AddCBV'.0.fr)).(AddCBN'.(FibCBN.5).(AddCBV'.0.fr))).(AddCBN'.(FibCBN.4).(AddCBN'.(FibCBN.5).(AddCBV'.0.fr)))).(AddCBN'.(FibCBN.3).(AddCBN'.(FibCBN.4).(AddCBN'.(FibCBN.5).(AddCBV'.0.fr))))).(AddCBN'.(FibCBN.2).(AddCBN'.(FibCBN.3).(AddCBN'.(FibCBN.4).(AddCBN'.(FibCBN.5).(AddCBV'.0.fr)))))
-> FibCBN.2.(FibCBN.1.(FibCBN.2.(FibCBN.3.(FibCBN.4.(FibCBN.5.(fr.0).(AddCBV'.0.fr)).(AddCBN'.(FibCBN.5).(AddCBV'.0.fr))).(AddCBN'.(FibCBN.4).(AddCBN'.(FibCBN.5).(AddCBV'.0.fr)))).(AddCBN'.(FibCBN.3).(AddCBN'.(FibCBN.4).(AddCBN'.(FibCBN.5).(AddCBV'.0.fr))))).(AddCBN'.(FibCBN.2).(AddCBN'.(FibCBN.3).(AddCBN'.(FibCBN.4).(AddCBN'.(FibCBN.5).(AddCBV'.0.fr)))))).(AddCBN'.(FibCBN.1).(AddCBN'.(FibCBN.2).(AddCBN'.(FibCBN.3).(AddCBN'.(FibCBN.4).(AddCBN'.(FibCBN.5).(AddCBV'.0.fr))))))
-> S.1.(FibCBN.1.(FibCBN.2.(FibCBN.3.(FibCBN.4.(FibCBN.5.(fr.0).(AddCBV'.0.fr)).(AddCBN'.(FibCBN.5).(AddCBV'.0.fr))).(AddCBN'.(FibCBN.4).(AddCBN'.(FibCBN.5).(AddCBV'.0.fr)))).(AddCBN'.(FibCBN.3).(AddCBN'.(FibCBN.4).(AddCBN'.(FibCBN.5).(AddCBV'.0.fr))))).(AddCBN'.(FibCBN.2).(AddCBN'.(FibCBN.3).(AddCBN'.(FibCBN.4).(AddCBN'.(FibCBN.5).(AddCBV'.0.fr)))))).(FibCBN_1.(FibCBN.1.(FibCBN.2.(FibCBN.3.(FibCBN.4.(FibCBN.5.(fr.0).(AddCBV'.0.fr)).(AddCBN'.(FibCBN.5).(AddCBV'.0.fr))).(AddCBN'.(FibCBN.4).(AddCBN'.(FibCBN.5).(AddCBV'.0.fr)))).(AddCBN'.(FibCBN.3).(AddCBN'.(FibCBN.4).(AddCBN'.(FibCBN.5).(AddCBV'.0.fr))))).(AddCBN'.(FibCBN.2).(AddCBN'.(FibCBN.3).(AddCBN'.(FibCBN.4).(AddCBN'.(FibCBN.5).(AddCBV'.0.fr)))))).(AddCBN'.(FibCBN.1).(AddCBN'.(FibCBN.2).(AddCBN'.(FibCBN.3).(AddCBN'.(FibCBN.4).(AddCBN'.(FibCBN.5).(AddCBV'.0.fr)))))))
-> FibCBN_1.(FibCBN.1.(FibCBN.2.(FibCBN.3.(FibCBN.4.(FibCBN.5.(fr.0).(AddCBV'.0.fr)).(AddCBN'.(FibCBN.5).(AddCBV'.0.fr))).(AddCBN'.(FibCBN.4).(AddCBN'.(FibCBN.5).(AddCBV'.0.fr)))).(AddCBN'.(FibCBN.3).(AddCBN'.(FibCBN.4).(AddCBN'.(FibCBN.5).(AddCBV'.0.fr))))).(AddCBN'.(FibCBN.2).(AddCBN'.(FibCBN.3).(AddCBN'.(FibCBN.4).(AddCBN'.(FibCBN.5).(AddCBV'.0.fr)))))).(AddCBN'.(FibCBN.1).(AddCBN'.(FibCBN.2).(AddCBN'.(FibCBN.3).(AddCBN'.(FibCBN.4).(AddCBN'.(FibCBN.5).(AddCBV'.0.fr)))))).1
-> S.0.(AddCBN'.(FibCBN.1).(AddCBN'.(FibCBN.2).(AddCBN'.(FibCBN.3).(AddCBN'.(FibCBN.4).(AddCBN'.(FibCBN.5).(AddCBV'.0.fr))))).0).(FibCBN_2.(FibCBN.1.(FibCBN.2.(FibCBN.3.(FibCBN.4.(FibCBN.5.(fr.0).(AddCBV'.0.fr)).(AddCBN'.(FibCBN.5).(AddCBV'.0.fr))).(AddCBN'.(FibCBN.4).(AddCBN'.(FibCBN.5).(AddCBV'.0.fr)))).(AddCBN'.(FibCBN.3).(AddCBN'.(FibCBN.4).(AddCBN'.(FibCBN.5).(AddCBV'.0.fr))))).(AddCBN'.(FibCBN.2).(AddCBN'.(FibCBN.3).(AddCBN'.(FibCBN.4).(AddCBN'.(FibCBN.5).(AddCBV'.0.fr)))))).(AddCBN'.(FibCBN.1).(AddCBN'.(FibCBN.2).(AddCBN'.(FibCBN.3).(AddCBN'.(FibCBN.4).(AddCBN'.(FibCBN.5).(AddCBV'.0.fr)))))).1)
-> FibCBN_2.(FibCBN.1.(FibCBN.2.(FibCBN.3.(FibCBN.4.(FibCBN.5.(fr.0).(AddCBV'.0.fr)).(AddCBN'.(FibCBN.5).(AddCBV'.0.fr))).(AddCBN'.(FibCBN.4).(AddCBN'.(FibCBN.5).(AddCBV'.0.fr)))).(AddCBN'.(FibCBN.3).(AddCBN'.(FibCBN.4).(AddCBN'.(FibCBN.5).(AddCBV'.0.fr))))).(AddCBN'.(FibCBN.2).(AddCBN'.(FibCBN.3).(AddCBN'.(FibCBN.4).(AddCBN'.(FibCBN.5).(AddCBV'.0.fr)))))).(AddCBN'.(FibCBN.1).(AddCBN'.(FibCBN.2).(AddCBN'.(FibCBN.3).(AddCBN'.(FibCBN.4).(AddCBN'.(FibCBN.5).(AddCBV'.0.fr)))))).1.0
-> AddCBN.(FibCBN.1).(FibCBN.0).(FibCBN.1.(FibCBN.2.(FibCBN.3.(FibCBN.4.(FibCBN.5.(fr.0).(AddCBV'.0.fr)).(AddCBN'.(FibCBN.5).(AddCBV'.0.fr))).(AddCBN'.(FibCBN.4).(AddCBN'.(FibCBN.5).(AddCBV'.0.fr)))).(AddCBN'.(FibCBN.3).(AddCBN'.(FibCBN.4).(AddCBN'.(FibCBN.5).(AddCBV'.0.fr))))).(AddCBN'.(FibCBN.2).(AddCBN'.(FibCBN.3).(AddCBN'.(FibCBN.4).(AddCBN'.(FibCBN.5).(AddCBV'.0.fr)))))).(AddCBN'.(FibCBN.1).(AddCBN'.(FibCBN.2).(AddCBN'.(FibCBN.3).(AddCBN'.(FibCBN.4).(AddCBN'.(FibCBN.5).(AddCBV'.0.fr))))))
-> FibCBN.1.(FibCBN.0.(FibCBN.1.(FibCBN.2.(FibCBN.3.(FibCBN.4.(FibCBN.5.(fr.0).(AddCBV'.0.fr)).(AddCBN'.(FibCBN.5).(AddCBV'.0.fr))).(AddCBN'.(FibCBN.4).(AddCBN'.(FibCBN.5).(AddCBV'.0.fr)))).(AddCBN'.(FibCBN.3).(AddCBN'.(FibCBN.4).(AddCBN'.(FibCBN.5).(AddCBV'.0.fr))))).(AddCBN'.(FibCBN.2).(AddCBN'.(FibCBN.3).(AddCBN'.(FibCBN.4).(AddCBN'.(FibCBN.5).(AddCBV'.0.fr)))))).(AddCBN'.(FibCBN.1).(AddCBN'.(FibCBN.2).(AddCBN'.(FibCBN.3).(AddCBN'.(FibCBN.4).(AddCBN'.(FibCBN.5).(AddCBV'.0.fr))))))).(AddCBN'.(FibCBN.0).(AddCBN'.(FibCBN.1).(AddCBN'.(FibCBN.2).(AddCBN'.(FibCBN.3).(AddCBN'.(FibCBN.4).(AddCBN'.(FibCBN.5).(AddCBV'.0.fr)))))))
-> S.0.(FibCBN.0.(FibCBN.1.(FibCBN.2.(FibCBN.3.(FibCBN.4.(FibCBN.5.(fr.0).(AddCBV'.0.fr)).(AddCBN'.(FibCBN.5).(AddCBV'.0.fr))).(AddCBN'.(FibCBN.4).(AddCBN'.(FibCBN.5).(AddCBV'.0.fr)))).(AddCBN'.(FibCBN.3).(AddCBN'.(FibCBN.4).(AddCBN'.(FibCBN.5).(AddCBV'.0.fr))))).(AddCBN'.(FibCBN.2).(AddCBN'.(FibCBN.3).(AddCBN'.(FibCBN.4).(AddCBN'.(FibCBN.5).(AddCBV'.0.fr)))))).(AddCBN'.(FibCBN.1).(AddCBN'.(FibCBN.2).(AddCBN'.(FibCBN.3).(AddCBN'.(FibCBN.4).(AddCBN'.(FibCBN.5).(AddCBV'.0.fr))))))).(FibCBN_1.(FibCBN.0.(FibCBN.1.(FibCBN.2.(FibCBN.3.(FibCBN.4.(FibCBN.5.(fr.0).(AddCBV'.0.fr)).(AddCBN'.(FibCBN.5).(AddCBV'.0.fr))).(AddCBN'.(FibCBN.4).(AddCBN'.(FibCBN.5).(AddCBV'.0.fr)))).(AddCBN'.(FibCBN.3).(AddCBN'.(FibCBN.4).(AddCBN'.(FibCBN.5).(AddCBV'.0.fr))))).(AddCBN'.(FibCBN.2).(AddCBN'.(FibCBN.3).(AddCBN'.(FibCBN.4).(AddCBN'.(FibCBN.5).(AddCBV'.0.fr)))))).(AddCBN'.(FibCBN.1).(AddCBN'.(FibCBN.2).(AddCBN'.(FibCBN.3).(AddCBN'.(FibCBN.4).(AddCBN'.(FibCBN.5).(AddCBV'.0.fr))))))).(AddCBN'.(FibCBN.0).(AddCBN'.(FibCBN.1).(AddCBN'.(FibCBN.2).(AddCBN'.(FibCBN.3).(AddCBN'.(FibCBN.4).(AddCBN'.(FibCBN.5).(AddCBV'.0.fr))))))))
-> FibCBN_1.(FibCBN.0.(FibCBN.1.(FibCBN.2.(FibCBN.3.(FibCBN.4.(FibCBN.5.(fr.0).(AddCBV'.0.fr)).(AddCBN'.(FibCBN.5).(AddCBV'.0.fr))).(AddCBN'.(FibCBN.4).(AddCBN'.(FibCBN.5).(AddCBV'.0.fr)))).(AddCBN'.(FibCBN.3).(AddCBN'.(FibCBN.4).(AddCBN'.(FibCBN.5).(AddCBV'.0.fr))))).(AddCBN'.(FibCBN.2).(AddCBN'.(FibCBN.3).(AddCBN'.(FibCBN.4).(AddCBN'.(FibCBN.5).(AddCBV'.0.fr)))))).(AddCBN'.(FibCBN.1).(AddCBN'.(FibCBN.2).(AddCBN'.(FibCBN.3).(AddCBN'.(FibCBN.4).(AddCBN'.(FibCBN.5).(AddCBV'.0.fr))))))).(AddCBN'.(FibCBN.0).(AddCBN'.(FibCBN.1).(AddCBN'.(FibCBN.2).(AddCBN'.(FibCBN.3).(AddCBN'.(FibCBN.4).(AddCBN'.(FibCBN.5).(AddCBV'.0.fr))))))).0
-> 0.(AddCBN'.(FibCBN.0).(AddCBN'.(FibCBN.1).(AddCBN'.(FibCBN.2).(AddCBN'.(FibCBN.3).(AddCBN'.(FibCBN.4).(AddCBN'.(FibCBN.5).(AddCBV'.0.fr)))))).0).(FibCBN_2.(FibCBN.0.(FibCBN.1.(FibCBN.2.(FibCBN.3.(FibCBN.4.(FibCBN.5.(fr.0).(AddCBV'.0.fr)).(AddCBN'.(FibCBN.5).(AddCBV'.0.fr))).(AddCBN'.(FibCBN.4).(AddCBN'.(FibCBN.5).(AddCBV'.0.fr)))).(AddCBN'.(FibCBN.3).(AddCBN'.(FibCBN.4).(AddCBN'.(FibCBN.5).(AddCBV'.0.fr))))).(AddCBN'.(FibCBN.2).(AddCBN'.(FibCBN.3).(AddCBN'.(FibCBN.4).(AddCBN'.(FibCBN.5).(AddCBV'.0.fr)))))).(AddCBN'.(FibCBN.1).(AddCBN'.(FibCBN.2).(AddCBN'.(FibCBN.3).(AddCBN'.(FibCBN.4).(AddCBN'.(FibCBN.5).(AddCBV'.0.fr))))))).(AddCBN'.(FibCBN.0).(AddCBN'.(FibCBN.1).(AddCBN'.(FibCBN.2).(AddCBN'.(FibCBN.3).(AddCBN'.(FibCBN.4).(AddCBN'.(FibCBN.5).(AddCBV'.0.fr))))))).0)
-> AddCBN'.(FibCBN.0).(AddCBN'.(FibCBN.1).(AddCBN'.(FibCBN.2).(AddCBN'.(FibCBN.3).(AddCBN'.(FibCBN.4).(AddCBN'.(FibCBN.5).(AddCBV'.0.fr)))))).0
-> AddCBN'.(FibCBN.1).(AddCBN'.(FibCBN.2).(AddCBN'.(FibCBN.3).(AddCBN'.(FibCBN.4).(AddCBN'.(FibCBN.5).(AddCBV'.0.fr))))).(AddCBN.0.(FibCBN.0))
-> AddCBN'.(FibCBN.2).(AddCBN'.(FibCBN.3).(AddCBN'.(FibCBN.4).(AddCBN'.(FibCBN.5).(AddCBV'.0.fr)))).(AddCBN.(AddCBN.0.(FibCBN.0)).(FibCBN.1))
-> AddCBN'.(FibCBN.3).(AddCBN'.(FibCBN.4).(AddCBN'.(FibCBN.5).(AddCBV'.0.fr))).(AddCBN.(AddCBN.(AddCBN.0.(FibCBN.0)).(FibCBN.1)).(FibCBN.2))
-> AddCBN'.(FibCBN.4).(AddCBN'.(FibCBN.5).(AddCBV'.0.fr)).(AddCBN.(AddCBN.(AddCBN.(AddCBN.0.(FibCBN.0)).(FibCBN.1)).(FibCBN.2)).(FibCBN.3))
-> AddCBN'.(FibCBN.5).(AddCBV'.0.fr).(AddCBN.(AddCBN.(AddCBN.(AddCBN.(AddCBN.0.(FibCBN.0)).(FibCBN.1)).(FibCBN.2)).(FibCBN.3)).(FibCBN.4))
-> AddCBV'.0.fr.(AddCBN.(AddCBN.(AddCBN.(AddCBN.(AddCBN.(AddCBN.0.(FibCBN.0)).(FibCBN.1)).(FibCBN.2)).(FibCBN.3)).(FibCBN.4)).(FibCBN.5))
-> AddCBV.(AddCBN.(AddCBN.(AddCBN.(AddCBN.(AddCBN.(AddCBN.0.(FibCBN.0)).(FibCBN.1)).(FibCBN.2)).(FibCBN.3)).(FibCBN.4)).(FibCBN.5)).1.fr
-> AddCBN.(AddCBN.(AddCBN.(AddCBN.(AddCBN.(AddCBN.0.(FibCBN.0)).(FibCBN.1)).(FibCBN.2)).(FibCBN.3)).(FibCBN.4)).(FibCBN.5).(fr.1).(AddCBV'.1.fr)
-> AddCBN.(AddCBN.(AddCBN.(AddCBN.(AddCBN.0.(FibCBN.0)).(FibCBN.1)).(FibCBN.2)).(FibCBN.3)).(FibCBN.4).(FibCBN.5.(fr.1).(AddCBV'.1.fr)).(AddCBN'.(FibCBN.5).(AddCBV'.1.fr))
-> AddCBN.(AddCBN.(AddCBN.(AddCBN.0.(FibCBN.0)).(FibCBN.1)).(FibCBN.2)).(FibCBN.3).(FibCBN.4.(FibCBN.5.(fr.1).(AddCBV'.1.fr)).(AddCBN'.(FibCBN.5).(AddCBV'.1.fr))).(AddCBN'.(FibCBN.4).(AddCBN'.(FibCBN.5).(AddCBV'.1.fr)))
-> AddCBN.(AddCBN.(AddCBN.0.(FibCBN.0)).(FibCBN.1)).(FibCBN.2).(FibCBN.3.(FibCBN.4.(FibCBN.5.(fr.1).(AddCBV'.1.fr)).(AddCBN'.(FibCBN.5).(AddCBV'.1.fr))).(AddCBN'.(FibCBN.4).(AddCBN'.(FibCBN.5).(AddCBV'.1.fr)))).(AddCBN'.(FibCBN.3).(AddCBN'.(FibCBN.4).(AddCBN'.(FibCBN.5).(AddCBV'.1.fr))))
-> AddCBN.(AddCBN.0.(FibCBN.0)).(FibCBN.1).(FibCBN.2.(FibCBN.3.(FibCBN.4.(FibCBN.5.(fr.1).(AddCBV'.1.fr)).(AddCBN'.(FibCBN.5).(AddCBV'.1.fr))).(AddCBN'.(FibCBN.4).(AddCBN'.(FibCBN.5).(AddCBV'.1.fr)))).(AddCBN'.(FibCBN.3).(AddCBN'.(FibCBN.4).(AddCBN'.(FibCBN.5).(AddCBV'.1.fr))))).(AddCBN'.(FibCBN.2).(AddCBN'.(FibCBN.3).(AddCBN'.(FibCBN.4).(AddCBN'.(FibCBN.5).(AddCBV'.1.fr)))))
-> AddCBN.0.(FibCBN.0).(FibCBN.1.(FibCBN.2.(FibCBN.3.(FibCBN.4.(FibCBN.5.(fr.1).(AddCBV'.1.fr)).(AddCBN'.(FibCBN.5).(AddCBV'.1.fr))).(AddCBN'.(FibCBN.4).(AddCBN'.(FibCBN.5).(AddCBV'.1.fr)))).(AddCBN'.(FibCBN.3).(AddCBN'.(FibCBN.4).(AddCBN'.(FibCBN.5).(AddCBV'.1.fr))))).(AddCBN'.(FibCBN.2).(AddCBN'.(FibCBN.3).(AddCBN'.(FibCBN.4).(AddCBN'.(FibCBN.5).(AddCBV'.1.fr)))))).(AddCBN'.(FibCBN.1).(AddCBN'.(FibCBN.2).(AddCBN'.(FibCBN.3).(AddCBN'.(FibCBN.4).(AddCBN'.(FibCBN.5).(AddCBV'.1.fr))))))
-> 0.(FibCBN.0.(FibCBN.1.(FibCBN.2.(FibCBN.3.(FibCBN.4.(FibCBN.5.(fr.1).(AddCBV'.1.fr)).(AddCBN'.(FibCBN.5).(AddCBV'.1.fr))).(AddCBN'.(FibCBN.4).(AddCBN'.(FibCBN.5).(AddCBV'.1.fr)))).(AddCBN'.(FibCBN.3).(AddCBN'.(FibCBN.4).(AddCBN'.(FibCBN.5).(AddCBV'.1.fr))))).(AddCBN'.(FibCBN.2).(AddCBN'.(FibCBN.3).(AddCBN'.(FibCBN.4).(AddCBN'.(FibCBN.5).(AddCBV'.1.fr)))))).(AddCBN'.(FibCBN.1).(AddCBN'.(FibCBN.2).(AddCBN'.(FibCBN.3).(AddCBN'.(FibCBN.4).(AddCBN'.(FibCBN.5).(AddCBV'.1.fr))))))).(AddCBN'.(FibCBN.0).(AddCBN'.(FibCBN.1).(AddCBN'.(FibCBN.2).(AddCBN'.(FibCBN.3).(AddCBN'.(FibCBN.4).(AddCBN'.(FibCBN.5).(AddCBV'.1.fr)))))))
-> FibCBN.0.(FibCBN.1.(FibCBN.2.(FibCBN.3.(FibCBN.4.(FibCBN.5.(fr.1).(AddCBV'.1.fr)).(AddCBN'.(FibCBN.5).(AddCBV'.1.fr))).(AddCBN'.(FibCBN.4).(AddCBN'.(FibCBN.5).(AddCBV'.1.fr)))).(AddCBN'.(FibCBN.3).(AddCBN'.(FibCBN.4).(AddCBN'.(FibCBN.5).(AddCBV'.1.fr))))).(AddCBN'.(FibCBN.2).(AddCBN'.(FibCBN.3).(AddCBN'.(FibCBN.4).(AddCBN'.(FibCBN.5).(AddCBV'.1.fr)))))).(AddCBN'.(FibCBN.1).(AddCBN'.(FibCBN.2).(AddCBN'.(FibCBN.3).(AddCBN'.(FibCBN.4).(AddCBN'.(FibCBN.5).(AddCBV'.1.fr))))))
-> 0.(FibCBN.1.(FibCBN.2.(FibCBN.3.(FibCBN.4.(FibCBN.5.(fr.1).(AddCBV'.1.fr)).(AddCBN'.(FibCBN.5).(AddCBV'.1.fr))).(AddCBN'.(FibCBN.4).(AddCBN'.(FibCBN.5).(AddCBV'.1.fr)))).(AddCBN'.(FibCBN.3).(AddCBN'.(FibCBN.4).(AddCBN'.(FibCBN.5).(AddCBV'.1.fr))))).(AddCBN'.(FibCBN.2).(AddCBN'.(FibCBN.3).(AddCBN'.(FibCBN.4).(AddCBN'.(FibCBN.5).(AddCBV'.1.fr)))))).(FibCBN_1.(FibCBN.1.(FibCBN.2.(FibCBN.3.(FibCBN.4.(FibCBN.5.(fr.1).(AddCBV'.1.fr)).(AddCBN'.(FibCBN.5).(AddCBV'.1.fr))).(AddCBN'.(FibCBN.4).(AddCBN'.(FibCBN.5).(AddCBV'.1.fr)))).(AddCBN'.(FibCBN.3).(AddCBN'.(FibCBN.4).(AddCBN'.(FibCBN.5).(AddCBV'.1.fr))))).(AddCBN'.(FibCBN.2).(AddCBN'.(FibCBN.3).(AddCBN'.(FibCBN.4).(AddCBN'.(FibCBN.5).(AddCBV'.1.fr)))))).(AddCBN'.(FibCBN.1).(AddCBN'.(FibCBN.2).(AddCBN'.(FibCBN.3).(AddCBN'.(FibCBN.4).(AddCBN'.(FibCBN.5).(AddCBV'.1.fr)))))))
-> FibCBN.1.(FibCBN.2.(FibCBN.3.(FibCBN.4.(FibCBN.5.(fr.1).(AddCBV'.1.fr)).(AddCBN'.(FibCBN.5).(AddCBV'.1.fr))).(AddCBN'.(FibCBN.4).(AddCBN'.(FibCBN.5).(AddCBV'.1.fr)))).(AddCBN'.(FibCBN.3).(AddCBN'.(FibCBN.4).(AddCBN'.(FibCBN.5).(AddCBV'.1.fr))))).(AddCBN'.(FibCBN.2).(AddCBN'.(FibCBN.3).(AddCBN'.(FibCBN.4).(AddCBN'.(FibCBN.5).(AddCBV'.1.fr)))))
-> S.0.(FibCBN.2.(FibCBN.3.(FibCBN.4.(FibCBN.5.(fr.1).(AddCBV'.1.fr)).(AddCBN'.(FibCBN.5).(AddCBV'.1.fr))).(AddCBN'.(FibCBN.4).(AddCBN'.(FibCBN.5).(AddCBV'.1.fr)))).(AddCBN'.(FibCBN.3).(AddCBN'.(FibCBN.4).(AddCBN'.(FibCBN.5).(AddCBV'.1.fr))))).(FibCBN_1.(FibCBN.2.(FibCBN.3.(FibCBN.4.(FibCBN.5.(fr.1).(AddCBV'.1.fr)).(AddCBN'.(FibCBN.5).(AddCBV'.1.fr))).(AddCBN'.(FibCBN.4).(AddCBN'.(FibCBN.5).(AddCBV'.1.fr)))).(AddCBN'.(FibCBN.3).(AddCBN'.(FibCBN.4).(AddCBN'.(FibCBN.5).(AddCBV'.1.fr))))).(AddCBN'.(FibCBN.2).(AddCBN'.(FibCBN.3).(AddCBN'.(FibCBN.4).(AddCBN'.(FibCBN.5).(AddCBV'.1.fr))))))
-> FibCBN_1.(FibCBN.2.(FibCBN.3.(FibCBN.4.(FibCBN.5.(fr.1).(AddCBV'.1.fr)).(AddCBN'.(FibCBN.5).(AddCBV'.1.fr))).(AddCBN'.(FibCBN.4).(AddCBN'.(FibCBN.5).(AddCBV'.1.fr)))).(AddCBN'.(FibCBN.3).(AddCBN'.(FibCBN.4).(AddCBN'.(FibCBN.5).(AddCBV'.1.fr))))).(AddCBN'.(FibCBN.2).(AddCBN'.(FibCBN.3).(AddCBN'.(FibCBN.4).(AddCBN'.(FibCBN.5).(AddCBV'.1.fr))))).0
-> 0.(AddCBN'.(FibCBN.2).(AddCBN'.(FibCBN.3).(AddCBN'.(FibCBN.4).(AddCBN'.(FibCBN.5).(AddCBV'.1.fr)))).0).(FibCBN_2.(FibCBN.2.(FibCBN.3.(FibCBN.4.(FibCBN.5.(fr.1).(AddCBV'.1.fr)).(AddCBN'.(FibCBN.5).(AddCBV'.1.fr))).(AddCBN'.(FibCBN.4).(AddCBN'.(FibCBN.5).(AddCBV'.1.fr)))).(AddCBN'.(FibCBN.3).(AddCBN'.(FibCBN.4).(AddCBN'.(FibCBN.5).(AddCBV'.1.fr))))).(AddCBN'.(FibCBN.2).(AddCBN'.(FibCBN.3).(AddCBN'.(FibCBN.4).(AddCBN'.(FibCBN.5).(AddCBV'.1.fr))))).0)
-> AddCBN'.(FibCBN.2).(AddCBN'.(FibCBN.3).(AddCBN'.(FibCBN.4).(AddCBN'.(FibCBN.5).(AddCBV'.1.fr)))).0
-> AddCBN'.(FibCBN.3).(AddCBN'.(FibCBN.4).(AddCBN'.(FibCBN.5).(AddCBV'.1.fr))).(AddCBN.0.(FibCBN.2))
-> AddCBN'.(FibCBN.4).(AddCBN'.(FibCBN.5).(AddCBV'.1.fr)).(AddCBN.(AddCBN.0.(FibCBN.2)).(FibCBN.3))
-> AddCBN'.(FibCBN.5).(AddCBV'.1.fr).(AddCBN.(AddCBN.(AddCBN.0.(FibCBN.2)).(FibCBN.3)).(FibCBN.4))
-> AddCBV'.1.fr.(AddCBN.(AddCBN.(AddCBN.(AddCBN.0.(FibCBN.2)).(FibCBN.3)).(FibCBN.4)).(FibCBN.5))
-> AddCBV.(AddCBN.(AddCBN.(AddCBN.(AddCBN.0.(FibCBN.2)).(FibCBN.3)).(FibCBN.4)).(FibCBN.5)).2.fr
-> AddCBN.(AddCBN.(AddCBN.(AddCBN.0.(FibCBN.2)).(FibCBN.3)).(FibCBN.4)).(FibCBN.5).(fr.2).(AddCBV'.2.fr)
-> AddCBN.(AddCBN.(AddCBN.0.(FibCBN.2)).(FibCBN.3)).(FibCBN.4).(FibCBN.5.(fr.2).(AddCBV'.2.fr)).(AddCBN'.(FibCBN.5).(AddCBV'.2.fr))
-> AddCBN.(AddCBN.0.(FibCBN.2)).(FibCBN.3).(FibCBN.4.(FibCBN.5.(fr.2).(AddCBV'.2.fr)).(AddCBN'.(FibCBN.5).(AddCBV'.2.fr))).(AddCBN'.(FibCBN.4).(AddCBN'.(FibCBN.5).(AddCBV'.2.fr)))
-> AddCBN.0.(FibCBN.2).(FibCBN.3.(FibCBN.4.(FibCBN.5.(fr.2).(AddCBV'.2.fr)).(AddCBN'.(FibCBN.5).(AddCBV'.2.fr))).(AddCBN'.(FibCBN.4).(AddCBN'.(FibCBN.5).(AddCBV'.2.fr)))).(AddCBN'.(FibCBN.3).(AddCBN'.(FibCBN.4).(AddCBN'.(FibCBN.5).(AddCBV'.2.fr))))
-> 0.(FibCBN.2.(FibCBN.3.(FibCBN.4.(FibCBN.5.(fr.2).(AddCBV'.2.fr)).(AddCBN'.(FibCBN.5).(AddCBV'.2.fr))).(AddCBN'.(FibCBN.4).(AddCBN'.(FibCBN.5).(AddCBV'.2.fr)))).(AddCBN'.(FibCBN.3).(AddCBN'.(FibCBN.4).(AddCBN'.(FibCBN.5).(AddCBV'.2.fr))))).(AddCBN'.(FibCBN.2).(AddCBN'.(FibCBN.3).(AddCBN'.(FibCBN.4).(AddCBN'.(FibCBN.5).(AddCBV'.2.fr)))))
-> FibCBN.2.(FibCBN.3.(FibCBN.4.(FibCBN.5.(fr.2).(AddCBV'.2.fr)).(AddCBN'.(FibCBN.5).(AddCBV'.2.fr))).(AddCBN'.(FibCBN.4).(AddCBN'.(FibCBN.5).(AddCBV'.2.fr)))).(AddCBN'.(FibCBN.3).(AddCBN'.(FibCBN.4).(AddCBN'.(FibCBN.5).(AddCBV'.2.fr))))
-> S.1.(FibCBN.3.(FibCBN.4.(FibCBN.5.(fr.2).(AddCBV'.2.fr)).(AddCBN'.(FibCBN.5).(AddCBV'.2.fr))).(AddCBN'.(FibCBN.4).(AddCBN'.(FibCBN.5).(AddCBV'.2.fr)))).(FibCBN_1.(FibCBN.3.(FibCBN.4.(FibCBN.5.(fr.2).(AddCBV'.2.fr)).(AddCBN'.(FibCBN.5).(AddCBV'.2.fr))).(AddCBN'.(FibCBN.4).(AddCBN'.(FibCBN.5).(AddCBV'.2.fr)))).(AddCBN'.(FibCBN.3).(AddCBN'.(FibCBN.4).(AddCBN'.(FibCBN.5).(AddCBV'.2.fr)))))
-> FibCBN_1.(FibCBN.3.(FibCBN.4.(FibCBN.5.(fr.2).(AddCBV'.2.fr)).(AddCBN'.(FibCBN.5).(AddCBV'.2.fr))).(AddCBN'.(FibCBN.4).(AddCBN'.(FibCBN.5).(AddCBV'.2.fr)))).(AddCBN'.(FibCBN.3).(AddCBN'.(FibCBN.4).(AddCBN'.(FibCBN.5).(AddCBV'.2.fr)))).1
-> S.0.(AddCBN'.(FibCBN.3).(AddCBN'.(FibCBN.4).(AddCBN'.(FibCBN.5).(AddCBV'.2.fr))).0).(FibCBN_2.(FibCBN.3.(FibCBN.4.(FibCBN.5.(fr.2).(AddCBV'.2.fr)).(AddCBN'.(FibCBN.5).(AddCBV'.2.fr))).(AddCBN'.(FibCBN.4).(AddCBN'.(FibCBN.5).(AddCBV'.2.fr)))).(AddCBN'.(FibCBN.3).(AddCBN'.(FibCBN.4).(AddCBN'.(FibCBN.5).(AddCBV'.2.fr)))).1)
-> FibCBN_2.(FibCBN.3.(FibCBN.4.(FibCBN.5.(fr.2).(AddCBV'.2.fr)).(AddCBN'.(FibCBN.5).(AddCBV'.2.fr))).(AddCBN'.(FibCBN.4).(AddCBN'.(FibCBN.5).(AddCBV'.2.fr)))).(AddCBN'.(FibCBN.3).(AddCBN'.(FibCBN.4).(AddCBN'.(FibCBN.5).(AddCBV'.2.fr)))).1.0
-> AddCBN.(FibCBN.1).(FibCBN.0).(FibCBN.3.(FibCBN.4.(FibCBN.5.(fr.2).(AddCBV'.2.fr)).(AddCBN'.(FibCBN.5).(AddCBV'.2.fr))).(AddCBN'.(FibCBN.4).(AddCBN'.(FibCBN.5).(AddCBV'.2.fr)))).(AddCBN'.(FibCBN.3).(AddCBN'.(FibCBN.4).(AddCBN'.(FibCBN.5).(AddCBV'.2.fr))))
-> FibCBN.1.(FibCBN.0.(FibCBN.3.(FibCBN.4.(FibCBN.5.(fr.2).(AddCBV'.2.fr)).(AddCBN'.(FibCBN.5).(AddCBV'.2.fr))).(AddCBN'.(FibCBN.4).(AddCBN'.(FibCBN.5).(AddCBV'.2.fr)))).(AddCBN'.(FibCBN.3).(AddCBN'.(FibCBN.4).(AddCBN'.(FibCBN.5).(AddCBV'.2.fr))))).(AddCBN'.(FibCBN.0).(AddCBN'.(FibCBN.3).(AddCBN'.(FibCBN.4).(AddCBN'.(FibCBN.5).(AddCBV'.2.fr)))))
-> S.0.(FibCBN.0.(FibCBN.3.(FibCBN.4.(FibCBN.5.(fr.2).(AddCBV'.2.fr)).(AddCBN'.(FibCBN.5).(AddCBV'.2.fr))).(AddCBN'.(FibCBN.4).(AddCBN'.(FibCBN.5).(AddCBV'.2.fr)))).(AddCBN'.(FibCBN.3).(AddCBN'.(FibCBN.4).(AddCBN'.(FibCBN.5).(AddCBV'.2.fr))))).(FibCBN_1.(FibCBN.0.(FibCBN.3.(FibCBN.4.(FibCBN.5.(fr.2).(AddCBV'.2.fr)).(AddCBN'.(FibCBN.5).(AddCBV'.2.fr))).(AddCBN'.(FibCBN.4).(AddCBN'.(FibCBN.5).(AddCBV'.2.fr)))).(AddCBN'.(FibCBN.3).(AddCBN'.(FibCBN.4).(AddCBN'.(FibCBN.5).(AddCBV'.2.fr))))).(AddCBN'.(FibCBN.0).(AddCBN'.(FibCBN.3).(AddCBN'.(FibCBN.4).(AddCBN'.(FibCBN.5).(AddCBV'.2.fr))))))
-> FibCBN_1.(FibCBN.0.(FibCBN.3.(FibCBN.4.(FibCBN.5.(fr.2).(AddCBV'.2.fr)).(AddCBN'.(FibCBN.5).(AddCBV'.2.fr))).(AddCBN'.(FibCBN.4).(AddCBN'.(FibCBN.5).(AddCBV'.2.fr)))).(AddCBN'.(FibCBN.3).(AddCBN'.(FibCBN.4).(AddCBN'.(FibCBN.5).(AddCBV'.2.fr))))).(AddCBN'.(FibCBN.0).(AddCBN'.(FibCBN.3).(AddCBN'.(FibCBN.4).(AddCBN'.(FibCBN.5).(AddCBV'.2.fr))))).0
-> 0.(AddCBN'.(FibCBN.0).(AddCBN'.(FibCBN.3).(AddCBN'.(FibCBN.4).(AddCBN'.(FibCBN.5).(AddCBV'.2.fr)))).0).(FibCBN_2.(FibCBN.0.(FibCBN.3.(FibCBN.4.(FibCBN.5.(fr.2).(AddCBV'.2.fr)).(AddCBN'.(FibCBN.5).(AddCBV'.2.fr))).(AddCBN'.(FibCBN.4).(AddCBN'.(FibCBN.5).(AddCBV'.2.fr)))).(AddCBN'.(FibCBN.3).(AddCBN'.(FibCBN.4).(AddCBN'.(FibCBN.5).(AddCBV'.2.fr))))).(AddCBN'.(FibCBN.0).(AddCBN'.(FibCBN.3).(AddCBN'.(FibCBN.4).(AddCBN'.(FibCBN.5).(AddCBV'.2.fr))))).0)
-> AddCBN'.(FibCBN.0).(AddCBN'.(FibCBN.3).(AddCBN'.(FibCBN.4).(AddCBN'.(FibCBN.5).(AddCBV'.2.fr)))).0
-> AddCBN'.(FibCBN.3).(AddCBN'.(FibCBN.4).(AddCBN'.(FibCBN.5).(AddCBV'.2.fr))).(AddCBN.0.(FibCBN.0))
-> AddCBN'.(FibCBN.4).(AddCBN'.(FibCBN.5).(AddCBV'.2.fr)).(AddCBN.(AddCBN.0.(FibCBN.0)).(FibCBN.3))
-> AddCBN'.(FibCBN.5).(AddCBV'.2.fr).(AddCBN.(AddCBN.(AddCBN.0.(FibCBN.0)).(FibCBN.3)).(FibCBN.4))
-> AddCBV'.2.fr.(AddCBN.(AddCBN.(AddCBN.(AddCBN.0.(FibCBN.0)).(FibCBN.3)).(FibCBN.4)).(FibCBN.5))
-> AddCBV.(AddCBN.(AddCBN.(AddCBN.(AddCBN.0.(FibCBN.0)).(FibCBN.3)).(FibCBN.4)).(FibCBN.5)).3.fr
-> AddCBN.(AddCBN.(AddCBN.(AddCBN.0.(FibCBN.0)).(FibCBN.3)).(FibCBN.4)).(FibCBN.5).(fr.3).(AddCBV'.3.fr)
-> AddCBN.(AddCBN.(AddCBN.0.(FibCBN.0)).(FibCBN.3)).(FibCBN.4).(FibCBN.5.(fr.3).(AddCBV'.3.fr)).(AddCBN'.(FibCBN.5).(AddCBV'.3.fr))
-> AddCBN.(AddCBN.0.(FibCBN.0)).(FibCBN.3).(FibCBN.4.(FibCBN.5.(fr.3).(AddCBV'.3.fr)).(AddCBN'.(FibCBN.5).(AddCBV'.3.fr))).(AddCBN'.(FibCBN.4).(AddCBN'.(FibCBN.5).(AddCBV'.3.fr)))
-> AddCBN.0.(FibCBN.0).(FibCBN.3.(FibCBN.4.(FibCBN.5.(fr.3).(AddCBV'.3.fr)).(AddCBN'.(FibCBN.5).(AddCBV'.3.fr))).(AddCBN'.(FibCBN.4).(AddCBN'.(FibCBN.5).(AddCBV'.3.fr)))).(AddCBN'.(FibCBN.3).(AddCBN'.(FibCBN.4).(AddCBN'.(FibCBN.5).(AddCBV'.3.fr))))
-> 0.(FibCBN.0.(FibCBN.3.(FibCBN.4.(FibCBN.5.(fr.3).(AddCBV'.3.fr)).(AddCBN'.(FibCBN.5).(AddCBV'.3.fr))).(AddCBN'.(FibCBN.4).(AddCBN'.(FibCBN.5).(AddCBV'.3.fr)))).(AddCBN'.(FibCBN.3).(AddCBN'.(FibCBN.4).(AddCBN'.(FibCBN.5).(AddCBV'.3.fr))))).(AddCBN'.(FibCBN.0).(AddCBN'.(FibCBN.3).(AddCBN'.(FibCBN.4).(AddCBN'.(FibCBN.5).(AddCBV'.3.fr)))))
-> FibCBN.0.(FibCBN.3.(FibCBN.4.(FibCBN.5.(fr.3).(AddCBV'.3.fr)).(AddCBN'.(FibCBN.5).(AddCBV'.3.fr))).(AddCBN'.(FibCBN.4).(AddCBN'.(FibCBN.5).(AddCBV'.3.fr)))).(AddCBN'.(FibCBN.3).(AddCBN'.(FibCBN.4).(AddCBN'.(FibCBN.5).(AddCBV'.3.fr))))
-> 0.(FibCBN.3.(FibCBN.4.(FibCBN.5.(fr.3).(AddCBV'.3.fr)).(AddCBN'.(FibCBN.5).(AddCBV'.3.fr))).(AddCBN'.(FibCBN.4).(AddCBN'.(FibCBN.5).(AddCBV'.3.fr)))).(FibCBN_1.(FibCBN.3.(FibCBN.4.(FibCBN.5.(fr.3).(AddCBV'.3.fr)).(AddCBN'.(FibCBN.5).(AddCBV'.3.fr))).(AddCBN'.(FibCBN.4).(AddCBN'.(FibCBN.5).(AddCBV'.3.fr)))).(AddCBN'.(FibCBN.3).(AddCBN'.(FibCBN.4).(AddCBN'.(FibCBN.5).(AddCBV'.3.fr)))))
-> FibCBN.3.(FibCBN.4.(FibCBN.5.(fr.3).(AddCBV'.3.fr)).(AddCBN'.(FibCBN.5).(AddCBV'.3.fr))).(AddCBN'.(FibCBN.4).(AddCBN'.(FibCBN.5).(AddCBV'.3.fr)))
-> S.2.(FibCBN.4.(FibCBN.5.(fr.3).(AddCBV'.3.fr)).(AddCBN'.(FibCBN.5).(AddCBV'.3.fr))).(FibCBN_1.(FibCBN.4.(FibCBN.5.(fr.3).(AddCBV'.3.fr)).(AddCBN'.(FibCBN.5).(AddCBV'.3.fr))).(AddCBN'.(FibCBN.4).(AddCBN'.(FibCBN.5).(AddCBV'.3.fr))))
-> FibCBN_1.(FibCBN.4.(FibCBN.5.(fr.3).(AddCBV'.3.fr)).(AddCBN'.(FibCBN.5).(AddCBV'.3.fr))).(AddCBN'.(FibCBN.4).(AddCBN'.(FibCBN.5).(AddCBV'.3.fr))).2
-> S.1.(AddCBN'.(FibCBN.4).(AddCBN'.(FibCBN.5).(AddCBV'.3.fr)).0).(FibCBN_2.(FibCBN.4.(FibCBN.5.(fr.3).(AddCBV'.3.fr)).(AddCBN'.(FibCBN.5).(AddCBV'.3.fr))).(AddCBN'.(FibCBN.4).(AddCBN'.(FibCBN.5).(AddCBV'.3.fr))).2)
-> FibCBN_2.(FibCBN.4.(FibCBN.5.(fr.3).(AddCBV'.3.fr)).(AddCBN'.(FibCBN.5).(AddCBV'.3.fr))).(AddCBN'.(FibCBN.4).(AddCBN'.(FibCBN.5).(AddCBV'.3.fr))).2.1
-> AddCBN.(FibCBN.2).(FibCBN.1).(FibCBN.4.(FibCBN.5.(fr.3).(AddCBV'.3.fr)).(AddCBN'.(FibCBN.5).(AddCBV'.3.fr))).(AddCBN'.(FibCBN.4).(AddCBN'.(FibCBN.5).(AddCBV'.3.fr)))
-> FibCBN.2.(FibCBN.1.(FibCBN.4.(FibCBN.5.(fr.3).(AddCBV'.3.fr)).(AddCBN'.(FibCBN.5).(AddCBV'.3.fr))).(AddCBN'.(FibCBN.4).(AddCBN'.(FibCBN.5).(AddCBV'.3.fr)))).(AddCBN'.(FibCBN.1).(AddCBN'.(FibCBN.4).(AddCBN'.(FibCBN.5).(AddCBV'.3.fr))))
-> S.1.(FibCBN.1.(FibCBN.4.(FibCBN.5.(fr.3).(AddCBV'.3.fr)).(AddCBN'.(FibCBN.5).(AddCBV'.3.fr))).(AddCBN'.(FibCBN.4).(AddCBN'.(FibCBN.5).(AddCBV'.3.fr)))).(FibCBN_1.(FibCBN.1.(FibCBN.4.(FibCBN.5.(fr.3).(AddCBV'.3.fr)).(AddCBN'.(FibCBN.5).(AddCBV'.3.fr))).(AddCBN'.(FibCBN.4).(AddCBN'.(FibCBN.5).(AddCBV'.3.fr)))).(AddCBN'.(FibCBN.1).(AddCBN'.(FibCBN.4).(AddCBN'.(FibCBN.5).(AddCBV'.3.fr)))))
-> FibCBN_1.(FibCBN.1.(FibCBN.4.(FibCBN.5.(fr.3).(AddCBV'.3.fr)).(AddCBN'.(FibCBN.5).(AddCBV'.3.fr))).(AddCBN'.(FibCBN.4).(AddCBN'.(FibCBN.5).(AddCBV'.3.fr)))).(AddCBN'.(FibCBN.1).(AddCBN'.(FibCBN.4).(AddCBN'.(FibCBN.5).(AddCBV'.3.fr)))).1
-> S.0.(AddCBN'.(FibCBN.1).(AddCBN'.(FibCBN.4).(AddCBN'.(FibCBN.5).(AddCBV'.3.fr))).0).(FibCBN_2.(FibCBN.1.(FibCBN.4.(FibCBN.5.(fr.3).(AddCBV'.3.fr)).(AddCBN'.(FibCBN.5).(AddCBV'.3.fr))).(AddCBN'.(FibCBN.4).(AddCBN'.(FibCBN.5).(AddCBV'.3.fr)))).(AddCBN'.(FibCBN.1).(AddCBN'.(FibCBN.4).(AddCBN'.(FibCBN.5).(AddCBV'.3.fr)))).1)
-> FibCBN_2.(FibCBN.1.(FibCBN.4.(FibCBN.5.(fr.3).(AddCBV'.3.fr)).(AddCBN'.(FibCBN.5).(AddCBV'.3.fr))).(AddCBN'.(FibCBN.4).(AddCBN'.(FibCBN.5).(AddCBV'.3.fr)))).(AddCBN'.(FibCBN.1).(AddCBN'.(FibCBN.4).(AddCBN'.(FibCBN.5).(AddCBV'.3.fr)))).1.0
-> AddCBN.(FibCBN.1).(FibCBN.0).(FibCBN.1.(FibCBN.4.(FibCBN.5.(fr.3).(AddCBV'.3.fr)).(AddCBN'.(FibCBN.5).(AddCBV'.3.fr))).(AddCBN'.(FibCBN.4).(AddCBN'.(FibCBN.5).(AddCBV'.3.fr)))).(AddCBN'.(FibCBN.1).(AddCBN'.(FibCBN.4).(AddCBN'.(FibCBN.5).(AddCBV'.3.fr))))
-> FibCBN.1.(FibCBN.0.(FibCBN.1.(FibCBN.4.(FibCBN.5.(fr.3).(AddCBV'.3.fr)).(AddCBN'.(FibCBN.5).(AddCBV'.3.fr))).(AddCBN'.(FibCBN.4).(AddCBN'.(FibCBN.5).(AddCBV'.3.fr)))).(AddCBN'.(FibCBN.1).(AddCBN'.(FibCBN.4).(AddCBN'.(FibCBN.5).(AddCBV'.3.fr))))).(AddCBN'.(FibCBN.0).(AddCBN'.(FibCBN.1).(AddCBN'.(FibCBN.4).(AddCBN'.(FibCBN.5).(AddCBV'.3.fr)))))
-> S.0.(FibCBN.0.(FibCBN.1.(FibCBN.4.(FibCBN.5.(fr.3).(AddCBV'.3.fr)).(AddCBN'.(FibCBN.5).(AddCBV'.3.fr))).(AddCBN'.(FibCBN.4).(AddCBN'.(FibCBN.5).(AddCBV'.3.fr)))).(AddCBN'.(FibCBN.1).(AddCBN'.(FibCBN.4).(AddCBN'.(FibCBN.5).(AddCBV'.3.fr))))).(FibCBN_1.(FibCBN.0.(FibCBN.1.(FibCBN.4.(FibCBN.5.(fr.3).(AddCBV'.3.fr)).(AddCBN'.(FibCBN.5).(AddCBV'.3.fr))).(AddCBN'.(FibCBN.4).(AddCBN'.(FibCBN.5).(AddCBV'.3.fr)))).(AddCBN'.(FibCBN.1).(AddCBN'.(FibCBN.4).(AddCBN'.(FibCBN.5).(AddCBV'.3.fr))))).(AddCBN'.(FibCBN.0).(AddCBN'.(FibCBN.1).(AddCBN'.(FibCBN.4).(AddCBN'.(FibCBN.5).(AddCBV'.3.fr))))))
-> FibCBN_1.(FibCBN.0.(FibCBN.1.(FibCBN.4.(FibCBN.5.(fr.3).(AddCBV'.3.fr)).(AddCBN'.(FibCBN.5).(AddCBV'.3.fr))).(AddCBN'.(FibCBN.4).(AddCBN'.(FibCBN.5).(AddCBV'.3.fr)))).(AddCBN'.(FibCBN.1).(AddCBN'.(FibCBN.4).(AddCBN'.(FibCBN.5).(AddCBV'.3.fr))))).(AddCBN'.(FibCBN.0).(AddCBN'.(FibCBN.1).(AddCBN'.(FibCBN.4).(AddCBN'.(FibCBN.5).(AddCBV'.3.fr))))).0
-> 0.(AddCBN'.(FibCBN.0).(AddCBN'.(FibCBN.1).(AddCBN'.(FibCBN.4).(AddCBN'.(FibCBN.5).(AddCBV'.3.fr)))).0).(FibCBN_2.(FibCBN.0.(FibCBN.1.(FibCBN.4.(FibCBN.5.(fr.3).(AddCBV'.3.fr)).(AddCBN'.(FibCBN.5).(AddCBV'.3.fr))).(AddCBN'.(FibCBN.4).(AddCBN'.(FibCBN.5).(AddCBV'.3.fr)))).(AddCBN'.(FibCBN.1).(AddCBN'.(FibCBN.4).(AddCBN'.(FibCBN.5).(AddCBV'.3.fr))))).(AddCBN'.(FibCBN.0).(AddCBN'.(FibCBN.1).(AddCBN'.(FibCBN.4).(AddCBN'.(FibCBN.5).(AddCBV'.3.fr))))).0)
-> AddCBN'.(FibCBN.0).(AddCBN'.(FibCBN.1).(AddCBN'.(FibCBN.4).(AddCBN'.(FibCBN.5).(AddCBV'.3.fr)))).0
-> AddCBN'.(FibCBN.1).(AddCBN'.(FibCBN.4).(AddCBN'.(FibCBN.5).(AddCBV'.3.fr))).(AddCBN.0.(FibCBN.0))
-> AddCBN'.(FibCBN.4).(AddCBN'.(FibCBN.5).(AddCBV'.3.fr)).(AddCBN.(AddCBN.0.(FibCBN.0)).(FibCBN.1))
-> AddCBN'.(FibCBN.5).(AddCBV'.3.fr).(AddCBN.(AddCBN.(AddCBN.0.(FibCBN.0)).(FibCBN.1)).(FibCBN.4))
-> AddCBV'.3.fr.(AddCBN.(AddCBN.(AddCBN.(AddCBN.0.(FibCBN.0)).(FibCBN.1)).(FibCBN.4)).(FibCBN.5))
-> AddCBV.(AddCBN.(AddCBN.(AddCBN.(AddCBN.0.(FibCBN.0)).(FibCBN.1)).(FibCBN.4)).(FibCBN.5)).4.fr
-> AddCBN.(AddCBN.(AddCBN.(AddCBN.0.(FibCBN.0)).(FibCBN.1)).(FibCBN.4)).(FibCBN.5).(fr.4).(AddCBV'.4.fr)
-> AddCBN.(AddCBN.(AddCBN.0.(FibCBN.0)).(FibCBN.1)).(FibCBN.4).(FibCBN.5.(fr.4).(AddCBV'.4.fr)).(AddCBN'.(FibCBN.5).(AddCBV'.4.fr))
-> AddCBN.(AddCBN.0.(FibCBN.0)).(FibCBN.1).(FibCBN.4.(FibCBN.5.(fr.4).(AddCBV'.4.fr)).(AddCBN'.(FibCBN.5).(AddCBV'.4.fr))).(AddCBN'.(FibCBN.4).(AddCBN'.(FibCBN.5).(AddCBV'.4.fr)))
-> AddCBN.0.(FibCBN.0).(FibCBN.1.(FibCBN.4.(FibCBN.5.(fr.4).(AddCBV'.4.fr)).(AddCBN'.(FibCBN.5).(AddCBV'.4.fr))).(AddCBN'.(FibCBN.4).(AddCBN'.(FibCBN.5).(AddCBV'.4.fr)))).(AddCBN'.(FibCBN.1).(AddCBN'.(FibCBN.4).(AddCBN'.(FibCBN.5).(AddCBV'.4.fr))))
-> 0.(FibCBN.0.(FibCBN.1.(FibCBN.4.(FibCBN.5.(fr.4).(AddCBV'.4.fr)).(AddCBN'.(FibCBN.5).(AddCBV'.4.fr))).(AddCBN'.(FibCBN.4).(AddCBN'.(FibCBN.5).(AddCBV'.4.fr)))).(AddCBN'.(FibCBN.1).(AddCBN'.(FibCBN.4).(AddCBN'.(FibCBN.5).(AddCBV'.4.fr))))).(AddCBN'.(FibCBN.0).(AddCBN'.(FibCBN.1).(AddCBN'.(FibCBN.4).(AddCBN'.(FibCBN.5).(AddCBV'.4.fr)))))
-> FibCBN.0.(FibCBN.1.(FibCBN.4.(FibCBN.5.(fr.4).(AddCBV'.4.fr)).(AddCBN'.(FibCBN.5).(AddCBV'.4.fr))).(AddCBN'.(FibCBN.4).(AddCBN'.(FibCBN.5).(AddCBV'.4.fr)))).(AddCBN'.(FibCBN.1).(AddCBN'.(FibCBN.4).(AddCBN'.(FibCBN.5).(AddCBV'.4.fr))))
-> 0.(FibCBN.1.(FibCBN.4.(FibCBN.5.(fr.4).(AddCBV'.4.fr)).(AddCBN'.(FibCBN.5).(AddCBV'.4.fr))).(AddCBN'.(FibCBN.4).(AddCBN'.(FibCBN.5).(AddCBV'.4.fr)))).(FibCBN_1.(FibCBN.1.(FibCBN.4.(FibCBN.5.(fr.4).(AddCBV'.4.fr)).(AddCBN'.(FibCBN.5).(AddCBV'.4.fr))).(AddCBN'.(FibCBN.4).(AddCBN'.(FibCBN.5).(AddCBV'.4.fr)))).(AddCBN'.(FibCBN.1).(AddCBN'.(FibCBN.4).(AddCBN'.(FibCBN.5).(AddCBV'.4.fr)))))
-> FibCBN.1.(FibCBN.4.(FibCBN.5.(fr.4).(AddCBV'.4.fr)).(AddCBN'.(FibCBN.5).(AddCBV'.4.fr))).(AddCBN'.(FibCBN.4).(AddCBN'.(FibCBN.5).(AddCBV'.4.fr)))
-> S.0.(FibCBN.4.(FibCBN.5.(fr.4).(AddCBV'.4.fr)).(AddCBN'.(FibCBN.5).(AddCBV'.4.fr))).(FibCBN_1.(FibCBN.4.(FibCBN.5.(fr.4).(AddCBV'.4.fr)).(AddCBN'.(FibCBN.5).(AddCBV'.4.fr))).(AddCBN'.(FibCBN.4).(AddCBN'.(FibCBN.5).(AddCBV'.4.fr))))
-> FibCBN_1.(FibCBN.4.(FibCBN.5.(fr.4).(AddCBV'.4.fr)).(AddCBN'.(FibCBN.5).(AddCBV'.4.fr))).(AddCBN'.(FibCBN.4).(AddCBN'.(FibCBN.5).(AddCBV'.4.fr))).0
-> 0.(AddCBN'.(FibCBN.4).(AddCBN'.(FibCBN.5).(AddCBV'.4.fr)).0).(FibCBN_2.(FibCBN.4.(FibCBN.5.(fr.4).(AddCBV'.4.fr)).(AddCBN'.(FibCBN.5).(AddCBV'.4.fr))).(AddCBN'.(FibCBN.4).(AddCBN'.(FibCBN.5).(AddCBV'.4.fr))).0)
-> AddCBN'.(FibCBN.4).(AddCBN'.(FibCBN.5).(AddCBV'.4.fr)).0
-> AddCBN'.(FibCBN.5).(AddCBV'.4.fr).(AddCBN.0.(FibCBN.4))
-> AddCBV'.4.fr.(AddCBN.(AddCBN.0.(FibCBN.4)).(FibCBN.5))
-> AddCBV.(AddCBN.(AddCBN.0.(FibCBN.4)).(FibCBN.5)).5.fr
-> AddCBN.(AddCBN.0.(FibCBN.4)).(FibCBN.5).(fr.5).(AddCBV'.5.fr)
-> AddCBN.0.(FibCBN.4).(FibCBN.5.(fr.5).(AddCBV'.5.fr)).(AddCBN'.(FibCBN.5).(AddCBV'.5.fr))
-> 0.(FibCBN.4.(FibCBN.5.(fr.5).(AddCBV'.5.fr)).(AddCBN'.(FibCBN.5).(AddCBV'.5.fr))).(AddCBN'.(FibCBN.4).(AddCBN'.(FibCBN.5).(AddCBV'.5.fr)))
-> FibCBN.4.(FibCBN.5.(fr.5).(AddCBV'.5.fr)).(AddCBN'.(FibCBN.5).(AddCBV'.5.fr))
-> S.3.(FibCBN.5.(fr.5).(AddCBV'.5.fr)).(FibCBN_1.(FibCBN.5.(fr.5).(AddCBV'.5.fr)).(AddCBN'.(FibCBN.5).(AddCBV'.5.fr)))
-> FibCBN_1.(FibCBN.5.(fr.5).(AddCBV'.5.fr)).(AddCBN'.(FibCBN.5).(AddCBV'.5.fr)).3
-> S.2.(AddCBN'.(FibCBN.5).(AddCBV'.5.fr).0).(FibCBN_2.(FibCBN.5.(fr.5).(AddCBV'.5.fr)).(AddCBN'.(FibCBN.5).(AddCBV'.5.fr)).3)
-> FibCBN_2.(FibCBN.5.(fr.5).(AddCBV'.5.fr)).(AddCBN'.(FibCBN.5).(AddCBV'.5.fr)).3.2
-> AddCBN.(FibCBN.3).(FibCBN.2).(FibCBN.5.(fr.5).(AddCBV'.5.fr)).(AddCBN'.(FibCBN.5).(AddCBV'.5.fr))
-> FibCBN.3.(FibCBN.2.(FibCBN.5.(fr.5).(AddCBV'.5.fr)).(AddCBN'.(FibCBN.5).(AddCBV'.5.fr))).(AddCBN'.(FibCBN.2).(AddCBN'.(FibCBN.5).(AddCBV'.5.fr)))
-> S.2.(FibCBN.2.(FibCBN.5.(fr.5).(AddCBV'.5.fr)).(AddCBN'.(FibCBN.5).(AddCBV'.5.fr))).(FibCBN_1.(FibCBN.2.(FibCBN.5.(fr.5).(AddCBV'.5.fr)).(AddCBN'.(FibCBN.5).(AddCBV'.5.fr))).(AddCBN'.(FibCBN.2).(AddCBN'.(FibCBN.5).(AddCBV'.5.fr))))
-> FibCBN_1.(FibCBN.2.(FibCBN.5.(fr.5).(AddCBV'.5.fr)).(AddCBN'.(FibCBN.5).(AddCBV'.5.fr))).(AddCBN'.(FibCBN.2).(AddCBN'.(FibCBN.5).(AddCBV'.5.fr))).2
-> S.1.(AddCBN'.(FibCBN.2).(AddCBN'.(FibCBN.5).(AddCBV'.5.fr)).0).(FibCBN_2.(FibCBN.2.(FibCBN.5.(fr.5).(AddCBV'.5.fr)).(AddCBN'.(FibCBN.5).(AddCBV'.5.fr))).(AddCBN'.(FibCBN.2).(AddCBN'.(FibCBN.5).(AddCBV'.5.fr))).2)
-> FibCBN_2.(FibCBN.2.(FibCBN.5.(fr.5).(AddCBV'.5.fr)).(AddCBN'.(FibCBN.5).(AddCBV'.5.fr))).(AddCBN'.(FibCBN.2).(AddCBN'.(FibCBN.5).(AddCBV'.5.fr))).2.1
-> AddCBN.(FibCBN.2).(FibCBN.1).(FibCBN.2.(FibCBN.5.(fr.5).(AddCBV'.5.fr)).(AddCBN'.(FibCBN.5).(AddCBV'.5.fr))).(AddCBN'.(FibCBN.2).(AddCBN'.(FibCBN.5).(AddCBV'.5.fr)))
-> FibCBN.2.(FibCBN.1.(FibCBN.2.(FibCBN.5.(fr.5).(AddCBV'.5.fr)).(AddCBN'.(FibCBN.5).(AddCBV'.5.fr))).(AddCBN'.(FibCBN.2).(AddCBN'.(FibCBN.5).(AddCBV'.5.fr)))).(AddCBN'.(FibCBN.1).(AddCBN'.(FibCBN.2).(AddCBN'.(FibCBN.5).(AddCBV'.5.fr))))
-> S.1.(FibCBN.1.(FibCBN.2.(FibCBN.5.(fr.5).(AddCBV'.5.fr)).(AddCBN'.(FibCBN.5).(AddCBV'.5.fr))).(AddCBN'.(FibCBN.2).(AddCBN'.(FibCBN.5).(AddCBV'.5.fr)))).(FibCBN_1.(FibCBN.1.(FibCBN.2.(FibCBN.5.(fr.5).(AddCBV'.5.fr)).(AddCBN'.(FibCBN.5).(AddCBV'.5.fr))).(AddCBN'.(FibCBN.2).(AddCBN'.(FibCBN.5).(AddCBV'.5.fr)))).(AddCBN'.(FibCBN.1).(AddCBN'.(FibCBN.2).(AddCBN'.(FibCBN.5).(AddCBV'.5.fr)))))
-> FibCBN_1.(FibCBN.1.(FibCBN.2.(FibCBN.5.(fr.5).(AddCBV'.5.fr)).(AddCBN'.(FibCBN.5).(AddCBV'.5.fr))).(AddCBN'.(FibCBN.2).(AddCBN'.(FibCBN.5).(AddCBV'.5.fr)))).(AddCBN'.(FibCBN.1).(AddCBN'.(FibCBN.2).(AddCBN'.(FibCBN.5).(AddCBV'.5.fr)))).1
-> S.0.(AddCBN'.(FibCBN.1).(AddCBN'.(FibCBN.2).(AddCBN'.(FibCBN.5).(AddCBV'.5.fr))).0).(FibCBN_2.(FibCBN.1.(FibCBN.2.(FibCBN.5.(fr.5).(AddCBV'.5.fr)).(AddCBN'.(FibCBN.5).(AddCBV'.5.fr))).(AddCBN'.(FibCBN.2).(AddCBN'.(FibCBN.5).(AddCBV'.5.fr)))).(AddCBN'.(FibCBN.1).(AddCBN'.(FibCBN.2).(AddCBN'.(FibCBN.5).(AddCBV'.5.fr)))).1)
-> FibCBN_2.(FibCBN.1.(FibCBN.2.(FibCBN.5.(fr.5).(AddCBV'.5.fr)).(AddCBN'.(FibCBN.5).(AddCBV'.5.fr))).(AddCBN'.(FibCBN.2).(AddCBN'.(FibCBN.5).(AddCBV'.5.fr)))).(AddCBN'.(FibCBN.1).(AddCBN'.(FibCBN.2).(AddCBN'.(FibCBN.5).(AddCBV'.5.fr)))).1.0
-> AddCBN.(FibCBN.1).(FibCBN.0).(FibCBN.1.(FibCBN.2.(FibCBN.5.(fr.5).(AddCBV'.5.fr)).(AddCBN'.(FibCBN.5).(AddCBV'.5.fr))).(AddCBN'.(FibCBN.2).(AddCBN'.(FibCBN.5).(AddCBV'.5.fr)))).(AddCBN'.(FibCBN.1).(AddCBN'.(FibCBN.2).(AddCBN'.(FibCBN.5).(AddCBV'.5.fr))))
-> FibCBN.1.(FibCBN.0.(FibCBN.1.(FibCBN.2.(FibCBN.5.(fr.5).(AddCBV'.5.fr)).(AddCBN'.(FibCBN.5).(AddCBV'.5.fr))).(AddCBN'.(FibCBN.2).(AddCBN'.(FibCBN.5).(AddCBV'.5.fr)))).(AddCBN'.(FibCBN.1).(AddCBN'.(FibCBN.2).(AddCBN'.(FibCBN.5).(AddCBV'.5.fr))))).(AddCBN'.(FibCBN.0).(AddCBN'.(FibCBN.1).(AddCBN'.(FibCBN.2).(AddCBN'.(FibCBN.5).(AddCBV'.5.fr)))))
-> S.0.(FibCBN.0.(FibCBN.1.(FibCBN.2.(FibCBN.5.(fr.5).(AddCBV'.5.fr)).(AddCBN'.(FibCBN.5).(AddCBV'.5.fr))).(AddCBN'.(FibCBN.2).(AddCBN'.(FibCBN.5).(AddCBV'.5.fr)))).(AddCBN'.(FibCBN.1).(AddCBN'.(FibCBN.2).(AddCBN'.(FibCBN.5).(AddCBV'.5.fr))))).(FibCBN_1.(FibCBN.0.(FibCBN.1.(FibCBN.2.(FibCBN.5.(fr.5).(AddCBV'.5.fr)).(AddCBN'.(FibCBN.5).(AddCBV'.5.fr))).(AddCBN'.(FibCBN.2).(AddCBN'.(FibCBN.5).(AddCBV'.5.fr)))).(AddCBN'.(FibCBN.1).(AddCBN'.(FibCBN.2).(AddCBN'.(FibCBN.5).(AddCBV'.5.fr))))).(AddCBN'.(FibCBN.0).(AddCBN'.(FibCBN.1).(AddCBN'.(FibCBN.2).(AddCBN'.(FibCBN.5).(AddCBV'.5.fr))))))
-> FibCBN_1.(FibCBN.0.(FibCBN.1.(FibCBN.2.(FibCBN.5.(fr.5).(AddCBV'.5.fr)).(AddCBN'.(FibCBN.5).(AddCBV'.5.fr))).(AddCBN'.(FibCBN.2).(AddCBN'.(FibCBN.5).(AddCBV'.5.fr)))).(AddCBN'.(FibCBN.1).(AddCBN'.(FibCBN.2).(AddCBN'.(FibCBN.5).(AddCBV'.5.fr))))).(AddCBN'.(FibCBN.0).(AddCBN'.(FibCBN.1).(AddCBN'.(FibCBN.2).(AddCBN'.(FibCBN.5).(AddCBV'.5.fr))))).0
-> 0.(AddCBN'.(FibCBN.0).(AddCBN'.(FibCBN.1).(AddCBN'.(FibCBN.2).(AddCBN'.(FibCBN.5).(AddCBV'.5.fr)))).0).(FibCBN_2.(FibCBN.0.(FibCBN.1.(FibCBN.2.(FibCBN.5.(fr.5).(AddCBV'.5.fr)).(AddCBN'.(FibCBN.5).(AddCBV'.5.fr))).(AddCBN'.(FibCBN.2).(AddCBN'.(FibCBN.5).(AddCBV'.5.fr)))).(AddCBN'.(FibCBN.1).(AddCBN'.(FibCBN.2).(AddCBN'.(FibCBN.5).(AddCBV'.5.fr))))).(AddCBN'.(FibCBN.0).(AddCBN'.(FibCBN.1).(AddCBN'.(FibCBN.2).(AddCBN'.(FibCBN.5).(AddCBV'.5.fr))))).0)
-> AddCBN'.(FibCBN.0).(AddCBN'.(FibCBN.1).(AddCBN'.(FibCBN.2).(AddCBN'.(FibCBN.5).(AddCBV'.5.fr)))).0
-> AddCBN'.(FibCBN.1).(AddCBN'.(FibCBN.2).(AddCBN'.(FibCBN.5).(AddCBV'.5.fr))).(AddCBN.0.(FibCBN.0))
-> AddCBN'.(FibCBN.2).(AddCBN'.(FibCBN.5).(AddCBV'.5.fr)).(AddCBN.(AddCBN.0.(FibCBN.0)).(FibCBN.1))
-> AddCBN'.(FibCBN.5).(AddCBV'.5.fr).(AddCBN.(AddCBN.(AddCBN.0.(FibCBN.0)).(FibCBN.1)).(FibCBN.2))
-> AddCBV'.5.fr.(AddCBN.(AddCBN.(AddCBN.(AddCBN.0.(FibCBN.0)).(FibCBN.1)).(FibCBN.2)).(FibCBN.5))
-> AddCBV.(AddCBN.(AddCBN.(AddCBN.(AddCBN.0.(FibCBN.0)).(FibCBN.1)).(FibCBN.2)).(FibCBN.5)).6.fr
-> AddCBN.(AddCBN.(AddCBN.(AddCBN.0.(FibCBN.0)).(FibCBN.1)).(FibCBN.2)).(FibCBN.5).(fr.6).(AddCBV'.6.fr)
-> AddCBN.(AddCBN.(AddCBN.0.(FibCBN.0)).(FibCBN.1)).(FibCBN.2).(FibCBN.5.(fr.6).(AddCBV'.6.fr)).(AddCBN'.(FibCBN.5).(AddCBV'.6.fr))
-> AddCBN.(AddCBN.0.(FibCBN.0)).(FibCBN.1).(FibCBN.2.(FibCBN.5.(fr.6).(AddCBV'.6.fr)).(AddCBN'.(FibCBN.5).(AddCBV'.6.fr))).(AddCBN'.(FibCBN.2).(AddCBN'.(FibCBN.5).(AddCBV'.6.fr)))
-> AddCBN.0.(FibCBN.0).(FibCBN.1.(FibCBN.2.(FibCBN.5.(fr.6).(AddCBV'.6.fr)).(AddCBN'.(FibCBN.5).(AddCBV'.6.fr))).(AddCBN'.(FibCBN.2).(AddCBN'.(FibCBN.5).(AddCBV'.6.fr)))).(AddCBN'.(FibCBN.1).(AddCBN'.(FibCBN.2).(AddCBN'.(FibCBN.5).(AddCBV'.6.fr))))
-> 0.(FibCBN.0.(FibCBN.1.(FibCBN.2.(FibCBN.5.(fr.6).(AddCBV'.6.fr)).(AddCBN'.(FibCBN.5).(AddCBV'.6.fr))).(AddCBN'.(FibCBN.2).(AddCBN'.(FibCBN.5).(AddCBV'.6.fr)))).(AddCBN'.(FibCBN.1).(AddCBN'.(FibCBN.2).(AddCBN'.(FibCBN.5).(AddCBV'.6.fr))))).(AddCBN'.(FibCBN.0).(AddCBN'.(FibCBN.1).(AddCBN'.(FibCBN.2).(AddCBN'.(FibCBN.5).(AddCBV'.6.fr)))))
-> FibCBN.0.(FibCBN.1.(FibCBN.2.(FibCBN.5.(fr.6).(AddCBV'.6.fr)).(AddCBN'.(FibCBN.5).(AddCBV'.6.fr))).(AddCBN'.(FibCBN.2).(AddCBN'.(FibCBN.5).(AddCBV'.6.fr)))).(AddCBN'.(FibCBN.1).(AddCBN'.(FibCBN.2).(AddCBN'.(FibCBN.5).(AddCBV'.6.fr))))
-> 0.(FibCBN.1.(FibCBN.2.(FibCBN.5.(fr.6).(AddCBV'.6.fr)).(AddCBN'.(FibCBN.5).(AddCBV'.6.fr))).(AddCBN'.(FibCBN.2).(AddCBN'.(FibCBN.5).(AddCBV'.6.fr)))).(FibCBN_1.(FibCBN.1.(FibCBN.2.(FibCBN.5.(fr.6).(AddCBV'.6.fr)).(AddCBN'.(FibCBN.5).(AddCBV'.6.fr))).(AddCBN'.(FibCBN.2).(AddCBN'.(FibCBN.5).(AddCBV'.6.fr)))).(AddCBN'.(FibCBN.1).(AddCBN'.(FibCBN.2).(AddCBN'.(FibCBN.5).(AddCBV'.6.fr)))))
-> FibCBN.1.(FibCBN.2.(FibCBN.5.(fr.6).(AddCBV'.6.fr)).(AddCBN'.(FibCBN.5).(AddCBV'.6.fr))).(AddCBN'.(FibCBN.2).(AddCBN'.(FibCBN.5).(AddCBV'.6.fr)))
-> S.0.(FibCBN.2.(FibCBN.5.(fr.6).(AddCBV'.6.fr)).(AddCBN'.(FibCBN.5).(AddCBV'.6.fr))).(FibCBN_1.(FibCBN.2.(FibCBN.5.(fr.6).(AddCBV'.6.fr)).(AddCBN'.(FibCBN.5).(AddCBV'.6.fr))).(AddCBN'.(FibCBN.2).(AddCBN'.(FibCBN.5).(AddCBV'.6.fr))))
-> FibCBN_1.(FibCBN.2.(FibCBN.5.(fr.6).(AddCBV'.6.fr)).(AddCBN'.(FibCBN.5).(AddCBV'.6.fr))).(AddCBN'.(FibCBN.2).(AddCBN'.(FibCBN.5).(AddCBV'.6.fr))).0
-> 0.(AddCBN'.(FibCBN.2).(AddCBN'.(FibCBN.5).(AddCBV'.6.fr)).0).(FibCBN_2.(FibCBN.2.(FibCBN.5.(fr.6).(AddCBV'.6.fr)).(AddCBN'.(FibCBN.5).(AddCBV'.6.fr))).(AddCBN'.(FibCBN.2).(AddCBN'.(FibCBN.5).(AddCBV'.6.fr))).0)
-> AddCBN'.(FibCBN.2).(AddCBN'.(FibCBN.5).(AddCBV'.6.fr)).0
-> AddCBN'.(FibCBN.5).(AddCBV'.6.fr).(AddCBN.0.(FibCBN.2))
-> AddCBV'.6.fr.(AddCBN.(AddCBN.0.(FibCBN.2)).(FibCBN.5))
-> AddCBV.(AddCBN.(AddCBN.0.(FibCBN.2)).(FibCBN.5)).7.fr
-> AddCBN.(AddCBN.0.(FibCBN.2)).(FibCBN.5).(fr.7).(AddCBV'.7.fr)
-> AddCBN.0.(FibCBN.2).(FibCBN.5.(fr.7).(AddCBV'.7.fr)).(AddCBN'.(FibCBN.5).(AddCBV'.7.fr))
-> 0.(FibCBN.2.(FibCBN.5.(fr.7).(AddCBV'.7.fr)).(AddCBN'.(FibCBN.5).(AddCBV'.7.fr))).(AddCBN'.(FibCBN.2).(AddCBN'.(FibCBN.5).(AddCBV'.7.fr)))
-> FibCBN.2.(FibCBN.5.(fr.7).(AddCBV'.7.fr)).(AddCBN'.(FibCBN.5).(AddCBV'.7.fr))
-> S.1.(FibCBN.5.(fr.7).(AddCBV'.7.fr)).(FibCBN_1.(FibCBN.5.(fr.7).(AddCBV'.7.fr)).(AddCBN'.(FibCBN.5).(AddCBV'.7.fr)))
-> FibCBN_1.(FibCBN.5.(fr.7).(AddCBV'.7.fr)).(AddCBN'.(FibCBN.5).(AddCBV'.7.fr)).1
-> S.0.(AddCBN'.(FibCBN.5).(AddCBV'.7.fr).0).(FibCBN_2.(FibCBN.5.(fr.7).(AddCBV'.7.fr)).(AddCBN'.(FibCBN.5).(AddCBV'.7.fr)).1)
-> FibCBN_2.(FibCBN.5.(fr.7).(AddCBV'.7.fr)).(AddCBN'.(FibCBN.5).(AddCBV'.7.fr)).1.0
-> AddCBN.(FibCBN.1).(FibCBN.0).(FibCBN.5.(fr.7).(AddCBV'.7.fr)).(AddCBN'.(FibCBN.5).(AddCBV'.7.fr))
-> FibCBN.1.(FibCBN.0.(FibCBN.5.(fr.7).(AddCBV'.7.fr)).(AddCBN'.(FibCBN.5).(AddCBV'.7.fr))).(AddCBN'.(FibCBN.0).(AddCBN'.(FibCBN.5).(AddCBV'.7.fr)))
-> S.0.(FibCBN.0.(FibCBN.5.(fr.7).(AddCBV'.7.fr)).(AddCBN'.(FibCBN.5).(AddCBV'.7.fr))).(FibCBN_1.(FibCBN.0.(FibCBN.5.(fr.7).(AddCBV'.7.fr)).(AddCBN'.(FibCBN.5).(AddCBV'.7.fr))).(AddCBN'.(FibCBN.0).(AddCBN'.(FibCBN.5).(AddCBV'.7.fr))))
-> FibCBN_1.(FibCBN.0.(FibCBN.5.(fr.7).(AddCBV'.7.fr)).(AddCBN'.(FibCBN.5).(AddCBV'.7.fr))).(AddCBN'.(FibCBN.0).(AddCBN'.(FibCBN.5).(AddCBV'.7.fr))).0
-> 0.(AddCBN'.(FibCBN.0).(AddCBN'.(FibCBN.5).(AddCBV'.7.fr)).0).(FibCBN_2.(FibCBN.0.(FibCBN.5.(fr.7).(AddCBV'.7.fr)).(AddCBN'.(FibCBN.5).(AddCBV'.7.fr))).(AddCBN'.(FibCBN.0).(AddCBN'.(FibCBN.5).(AddCBV'.7.fr))).0)
-> AddCBN'.(FibCBN.0).(AddCBN'.(FibCBN.5).(AddCBV'.7.fr)).0
-> AddCBN'.(FibCBN.5).(AddCBV'.7.fr).(AddCBN.0.(FibCBN.0))
-> AddCBV'.7.fr.(AddCBN.(AddCBN.0.(FibCBN.0)).(FibCBN.5))
-> AddCBV.(AddCBN.(AddCBN.0.(FibCBN.0)).(FibCBN.5)).8.fr
-> AddCBN.(AddCBN.0.(FibCBN.0)).(FibCBN.5).(fr.8).(AddCBV'.8.fr)
-> AddCBN.0.(FibCBN.0).(FibCBN.5.(fr.8).(AddCBV'.8.fr)).(AddCBN'.(FibCBN.5).(AddCBV'.8.fr))
-> 0.(FibCBN.0.(FibCBN.5.(fr.8).(AddCBV'.8.fr)).(AddCBN'.(FibCBN.5).(AddCBV'.8.fr))).(AddCBN'.(FibCBN.0).(AddCBN'.(FibCBN.5).(AddCBV'.8.fr)))
-> FibCBN.0.(FibCBN.5.(fr.8).(AddCBV'.8.fr)).(AddCBN'.(FibCBN.5).(AddCBV'.8.fr))
-> 0.(FibCBN.5.(fr.8).(AddCBV'.8.fr)).(FibCBN_1.(FibCBN.5.(fr.8).(AddCBV'.8.fr)).(AddCBN'.(FibCBN.5).(AddCBV'.8.fr)))
-> FibCBN.5.(fr.8).(AddCBV'.8.fr)
-> S.4.(fr.8).(FibCBN_1.(fr.8).(AddCBV'.8.fr))
-> FibCBN_1.(fr.8).(AddCBV'.8.fr).4
-> S.3.(AddCBV'.8.fr.0).(FibCBN_2.(fr.8).(AddCBV'.8.fr).4)
-> FibCBN_2.(fr.8).(AddCBV'.8.fr).4.3
-> AddCBN.(FibCBN.4).(FibCBN.3).(fr.8).(AddCBV'.8.fr)
-> FibCBN.4.(FibCBN.3.(fr.8).(AddCBV'.8.fr)).(AddCBN'.(FibCBN.3).(AddCBV'.8.fr))
-> S.3.(FibCBN.3.(fr.8).(AddCBV'.8.fr)).(FibCBN_1.(FibCBN.3.(fr.8).(AddCBV'.8.fr)).(AddCBN'.(FibCBN.3).(AddCBV'.8.fr)))
-> FibCBN_1.(FibCBN.3.(fr.8).(AddCBV'.8.fr)).(AddCBN'.(FibCBN.3).(AddCBV'.8.fr)).3
-> S.2.(AddCBN'.(FibCBN.3).(AddCBV'.8.fr).0).(FibCBN_2.(FibCBN.3.(fr.8).(AddCBV'.8.fr)).(AddCBN'.(FibCBN.3).(AddCBV'.8.fr)).3)
-> FibCBN_2.(FibCBN.3.(fr.8).(AddCBV'.8.fr)).(AddCBN'.(FibCBN.3).(AddCBV'.8.fr)).3.2
-> AddCBN.(FibCBN.3).(FibCBN.2).(FibCBN.3.(fr.8).(AddCBV'.8.fr)).(AddCBN'.(FibCBN.3).(AddCBV'.8.fr))
-> FibCBN.3.(FibCBN.2.(FibCBN.3.(fr.8).(AddCBV'.8.fr)).(AddCBN'.(FibCBN.3).(AddCBV'.8.fr))).(AddCBN'.(FibCBN.2).(AddCBN'.(FibCBN.3).(AddCBV'.8.fr)))
-> S.2.(FibCBN.2.(FibCBN.3.(fr.8).(AddCBV'.8.fr)).(AddCBN'.(FibCBN.3).(AddCBV'.8.fr))).(FibCBN_1.(FibCBN.2.(FibCBN.3.(fr.8).(AddCBV'.8.fr)).(AddCBN'.(FibCBN.3).(AddCBV'.8.fr))).(AddCBN'.(FibCBN.2).(AddCBN'.(FibCBN.3).(AddCBV'.8.fr))))
-> FibCBN_1.(FibCBN.2.(FibCBN.3.(fr.8).(AddCBV'.8.fr)).(AddCBN'.(FibCBN.3).(AddCBV'.8.fr))).(AddCBN'.(FibCBN.2).(AddCBN'.(FibCBN.3).(AddCBV'.8.fr))).2
-> S.1.(AddCBN'.(FibCBN.2).(AddCBN'.(FibCBN.3).(AddCBV'.8.fr)).0).(FibCBN_2.(FibCBN.2.(FibCBN.3.(fr.8).(AddCBV'.8.fr)).(AddCBN'.(FibCBN.3).(AddCBV'.8.fr))).(AddCBN'.(FibCBN.2).(AddCBN'.(FibCBN.3).(AddCBV'.8.fr))).2)
-> FibCBN_2.(FibCBN.2.(FibCBN.3.(fr.8).(AddCBV'.8.fr)).(AddCBN'.(FibCBN.3).(AddCBV'.8.fr))).(AddCBN'.(FibCBN.2).(AddCBN'.(FibCBN.3).(AddCBV'.8.fr))).2.1
-> AddCBN.(FibCBN.2).(FibCBN.1).(FibCBN.2.(FibCBN.3.(fr.8).(AddCBV'.8.fr)).(AddCBN'.(FibCBN.3).(AddCBV'.8.fr))).(AddCBN'.(FibCBN.2).(AddCBN'.(FibCBN.3).(AddCBV'.8.fr)))
-> FibCBN.2.(FibCBN.1.(FibCBN.2.(FibCBN.3.(fr.8).(AddCBV'.8.fr)).(AddCBN'.(FibCBN.3).(AddCBV'.8.fr))).(AddCBN'.(FibCBN.2).(AddCBN'.(FibCBN.3).(AddCBV'.8.fr)))).(AddCBN'.(FibCBN.1).(AddCBN'.(FibCBN.2).(AddCBN'.(FibCBN.3).(AddCBV'.8.fr))))
-> S.1.(FibCBN.1.(FibCBN.2.(FibCBN.3.(fr.8).(AddCBV'.8.fr)).(AddCBN'.(FibCBN.3).(AddCBV'.8.fr))).(AddCBN'.(FibCBN.2).(AddCBN'.(FibCBN.3).(AddCBV'.8.fr)))).(FibCBN_1.(FibCBN.1.(FibCBN.2.(FibCBN.3.(fr.8).(AddCBV'.8.fr)).(AddCBN'.(FibCBN.3).(AddCBV'.8.fr))).(AddCBN'.(FibCBN.2).(AddCBN'.(FibCBN.3).(AddCBV'.8.fr)))).(AddCBN'.(FibCBN.1).(AddCBN'.(FibCBN.2).(AddCBN'.(FibCBN.3).(AddCBV'.8.fr)))))
-> FibCBN_1.(FibCBN.1.(FibCBN.2.(FibCBN.3.(fr.8).(AddCBV'.8.fr)).(AddCBN'.(FibCBN.3).(AddCBV'.8.fr))).(AddCBN'.(FibCBN.2).(AddCBN'.(FibCBN.3).(AddCBV'.8.fr)))).(AddCBN'.(FibCBN.1).(AddCBN'.(FibCBN.2).(AddCBN'.(FibCBN.3).(AddCBV'.8.fr)))).1
-> S.0.(AddCBN'.(FibCBN.1).(AddCBN'.(FibCBN.2).(AddCBN'.(FibCBN.3).(AddCBV'.8.fr))).0).(FibCBN_2.(FibCBN.1.(FibCBN.2.(FibCBN.3.(fr.8).(AddCBV'.8.fr)).(AddCBN'.(FibCBN.3).(AddCBV'.8.fr))).(AddCBN'.(FibCBN.2).(AddCBN'.(FibCBN.3).(AddCBV'.8.fr)))).(AddCBN'.(FibCBN.1).(AddCBN'.(FibCBN.2).(AddCBN'.(FibCBN.3).(AddCBV'.8.fr)))).1)
-> FibCBN_2.(FibCBN.1.(FibCBN.2.(FibCBN.3.(fr.8).(AddCBV'.8.fr)).(AddCBN'.(FibCBN.3).(AddCBV'.8.fr))).(AddCBN'.(FibCBN.2).(AddCBN'.(FibCBN.3).(AddCBV'.8.fr)))).(AddCBN'.(FibCBN.1).(AddCBN'.(FibCBN.2).(AddCBN'.(FibCBN.3).(AddCBV'.8.fr)))).1.0
-> AddCBN.(FibCBN.1).(FibCBN.0).(FibCBN.1.(FibCBN.2.(FibCBN.3.(fr.8).(AddCBV'.8.fr)).(AddCBN'.(FibCBN.3).(AddCBV'.8.fr))).(AddCBN'.(FibCBN.2).(AddCBN'.(FibCBN.3).(AddCBV'.8.fr)))).(AddCBN'.(FibCBN.1).(AddCBN'.(FibCBN.2).(AddCBN'.(FibCBN.3).(AddCBV'.8.fr))))
-> FibCBN.1.(FibCBN.0.(FibCBN.1.(FibCBN.2.(FibCBN.3.(fr.8).(AddCBV'.8.fr)).(AddCBN'.(FibCBN.3).(AddCBV'.8.fr))).(AddCBN'.(FibCBN.2).(AddCBN'.(FibCBN.3).(AddCBV'.8.fr)))).(AddCBN'.(FibCBN.1).(AddCBN'.(FibCBN.2).(AddCBN'.(FibCBN.3).(AddCBV'.8.fr))))).(AddCBN'.(FibCBN.0).(AddCBN'.(FibCBN.1).(AddCBN'.(FibCBN.2).(AddCBN'.(FibCBN.3).(AddCBV'.8.fr)))))
-> S.0.(FibCBN.0.(FibCBN.1.(FibCBN.2.(FibCBN.3.(fr.8).(AddCBV'.8.fr)).(AddCBN'.(FibCBN.3).(AddCBV'.8.fr))).(AddCBN'.(FibCBN.2).(AddCBN'.(FibCBN.3).(AddCBV'.8.fr)))).(AddCBN'.(FibCBN.1).(AddCBN'.(FibCBN.2).(AddCBN'.(FibCBN.3).(AddCBV'.8.fr))))).(FibCBN_1.(FibCBN.0.(FibCBN.1.(FibCBN.2.(FibCBN.3.(fr.8).(AddCBV'.8.fr)).(AddCBN'.(FibCBN.3).(AddCBV'.8.fr))).(AddCBN'.(FibCBN.2).(AddCBN'.(FibCBN.3).(AddCBV'.8.fr)))).(AddCBN'.(FibCBN.1).(AddCBN'.(FibCBN.2).(AddCBN'.(FibCBN.3).(AddCBV'.8.fr))))).(AddCBN'.(FibCBN.0).(AddCBN'.(FibCBN.1).(AddCBN'.(FibCBN.2).(AddCBN'.(FibCBN.3).(AddCBV'.8.fr))))))
-> FibCBN_1.(FibCBN.0.(FibCBN.1.(FibCBN.2.(FibCBN.3.(fr.8).(AddCBV'.8.fr)).(AddCBN'.(FibCBN.3).(AddCBV'.8.fr))).(AddCBN'.(FibCBN.2).(AddCBN'.(FibCBN.3).(AddCBV'.8.fr)))).(AddCBN'.(FibCBN.1).(AddCBN'.(FibCBN.2).(AddCBN'.(FibCBN.3).(AddCBV'.8.fr))))).(AddCBN'.(FibCBN.0).(AddCBN'.(FibCBN.1).(AddCBN'.(FibCBN.2).(AddCBN'.(FibCBN.3).(AddCBV'.8.fr))))).0
-> 0.(AddCBN'.(FibCBN.0).(AddCBN'.(FibCBN.1).(AddCBN'.(FibCBN.2).(AddCBN'.(FibCBN.3).(AddCBV'.8.fr)))).0).(FibCBN_2.(FibCBN.0.(FibCBN.1.(FibCBN.2.(FibCBN.3.(fr.8).(AddCBV'.8.fr)).(AddCBN'.(FibCBN.3).(AddCBV'.8.fr))).(AddCBN'.(FibCBN.2).(AddCBN'.(FibCBN.3).(AddCBV'.8.fr)))).(AddCBN'.(FibCBN.1).(AddCBN'.(FibCBN.2).(AddCBN'.(FibCBN.3).(AddCBV'.8.fr))))).(AddCBN'.(FibCBN.0).(AddCBN'.(FibCBN.1).(AddCBN'.(FibCBN.2).(AddCBN'.(FibCBN.3).(AddCBV'.8.fr))))).0)
-> AddCBN'.(FibCBN.0).(AddCBN'.(FibCBN.1).(AddCBN'.(FibCBN.2).(AddCBN'.(FibCBN.3).(AddCBV'.8.fr)))).0
-> AddCBN'.(FibCBN.1).(AddCBN'.(FibCBN.2).(AddCBN'.(FibCBN.3).(AddCBV'.8.fr))).(AddCBN.0.(FibCBN.0))
-> AddCBN'.(FibCBN.2).(AddCBN'.(FibCBN.3).(AddCBV'.8.fr)).(AddCBN.(AddCBN.0.(FibCBN.0)).(FibCBN.1))
-> AddCBN'.(FibCBN.3).(AddCBV'.8.fr).(AddCBN.(AddCBN.(AddCBN.0.(FibCBN.0)).(FibCBN.1)).(FibCBN.2))
-> AddCBV'.8.fr.(AddCBN.(AddCBN.(AddCBN.(AddCBN.0.(FibCBN.0)).(FibCBN.1)).(FibCBN.2)).(FibCBN.3))
-> AddCBV.(AddCBN.(AddCBN.(AddCBN.(AddCBN.0.(FibCBN.0)).(FibCBN.1)).(FibCBN.2)).(FibCBN.3)).9.fr
-> AddCBN.(AddCBN.(AddCBN.(AddCBN.0.(FibCBN.0)).(FibCBN.1)).(FibCBN.2)).(FibCBN.3).(fr.9).(AddCBV'.9.fr)
-> AddCBN.(AddCBN.(AddCBN.0.(FibCBN.0)).(FibCBN.1)).(FibCBN.2).(FibCBN.3.(fr.9).(AddCBV'.9.fr)).(AddCBN'.(FibCBN.3).(AddCBV'.9.fr))
-> AddCBN.(AddCBN.0.(FibCBN.0)).(FibCBN.1).(FibCBN.2.(FibCBN.3.(fr.9).(AddCBV'.9.fr)).(AddCBN'.(FibCBN.3).(AddCBV'.9.fr))).(AddCBN'.(FibCBN.2).(AddCBN'.(FibCBN.3).(AddCBV'.9.fr)))
-> AddCBN.0.(FibCBN.0).(FibCBN.1.(FibCBN.2.(FibCBN.3.(fr.9).(AddCBV'.9.fr)).(AddCBN'.(FibCBN.3).(AddCBV'.9.fr))).(AddCBN'.(FibCBN.2).(AddCBN'.(FibCBN.3).(AddCBV'.9.fr)))).(AddCBN'.(FibCBN.1).(AddCBN'.(FibCBN.2).(AddCBN'.(FibCBN.3).(AddCBV'.9.fr))))
-> 0.(FibCBN.0.(FibCBN.1.(FibCBN.2.(FibCBN.3.(fr.9).(AddCBV'.9.fr)).(AddCBN'.(FibCBN.3).(AddCBV'.9.fr))).(AddCBN'.(FibCBN.2).(AddCBN'.(FibCBN.3).(AddCBV'.9.fr)))).(AddCBN'.(FibCBN.1).(AddCBN'.(FibCBN.2).(AddCBN'.(FibCBN.3).(AddCBV'.9.fr))))).(AddCBN'.(FibCBN.0).(AddCBN'.(FibCBN.1).(AddCBN'.(FibCBN.2).(AddCBN'.(FibCBN.3).(AddCBV'.9.fr)))))
-> FibCBN.0.(FibCBN.1.(FibCBN.2.(FibCBN.3.(fr.9).(AddCBV'.9.fr)).(AddCBN'.(FibCBN.3).(AddCBV'.9.fr))).(AddCBN'.(FibCBN.2).(AddCBN'.(FibCBN.3).(AddCBV'.9.fr)))).(AddCBN'.(FibCBN.1).(AddCBN'.(FibCBN.2).(AddCBN'.(FibCBN.3).(AddCBV'.9.fr))))
-> 0.(FibCBN.1.(FibCBN.2.(FibCBN.3.(fr.9).(AddCBV'.9.fr)).(AddCBN'.(FibCBN.3).(AddCBV'.9.fr))).(AddCBN'.(FibCBN.2).(AddCBN'.(FibCBN.3).(AddCBV'.9.fr)))).(FibCBN_1.(FibCBN.1.(FibCBN.2.(FibCBN.3.(fr.9).(AddCBV'.9.fr)).(AddCBN'.(FibCBN.3).(AddCBV'.9.fr))).(AddCBN'.(FibCBN.2).(AddCBN'.(FibCBN.3).(AddCBV'.9.fr)))).(AddCBN'.(FibCBN.1).(AddCBN'.(FibCBN.2).(AddCBN'.(FibCBN.3).(AddCBV'.9.fr)))))
-> FibCBN.1.(FibCBN.2.(FibCBN.3.(fr.9).(AddCBV'.9.fr)).(AddCBN'.(FibCBN.3).(AddCBV'.9.fr))).(AddCBN'.(FibCBN.2).(AddCBN'.(FibCBN.3).(AddCBV'.9.fr)))
-> S.0.(FibCBN.2.(FibCBN.3.(fr.9).(AddCBV'.9.fr)).(AddCBN'.(FibCBN.3).(AddCBV'.9.fr))).(FibCBN_1.(FibCBN.2.(FibCBN.3.(fr.9).(AddCBV'.9.fr)).(AddCBN'.(FibCBN.3).(AddCBV'.9.fr))).(AddCBN'.(FibCBN.2).(AddCBN'.(FibCBN.3).(AddCBV'.9.fr))))
-> FibCBN_1.(FibCBN.2.(FibCBN.3.(fr.9).(AddCBV'.9.fr)).(AddCBN'.(FibCBN.3).(AddCBV'.9.fr))).(AddCBN'.(FibCBN.2).(AddCBN'.(FibCBN.3).(AddCBV'.9.fr))).0
-> 0.(AddCBN'.(FibCBN.2).(AddCBN'.(FibCBN.3).(AddCBV'.9.fr)).0).(FibCBN_2.(FibCBN.2.(FibCBN.3.(fr.9).(AddCBV'.9.fr)).(AddCBN'.(FibCBN.3).(AddCBV'.9.fr))).(AddCBN'.(FibCBN.2).(AddCBN'.(FibCBN.3).(AddCBV'.9.fr))).0)
-> AddCBN'.(FibCBN.2).(AddCBN'.(FibCBN.3).(AddCBV'.9.fr)).0
-> AddCBN'.(FibCBN.3).(AddCBV'.9.fr).(AddCBN.0.(FibCBN.2))
-> AddCBV'.9.fr.(AddCBN.(AddCBN.0.(FibCBN.2)).(FibCBN.3))
-> AddCBV.(AddCBN.(AddCBN.0.(FibCBN.2)).(FibCBN.3)).10.fr
-> AddCBN.(AddCBN.0.(FibCBN.2)).(FibCBN.3).(fr.10).(AddCBV'.10.fr)
-> AddCBN.0.(FibCBN.2).(FibCBN.3.(fr.10).(AddCBV'.10.fr)).(AddCBN'.(FibCBN.3).(AddCBV'.10.fr))
-> 0.(FibCBN.2.(FibCBN.3.(fr.10).(AddCBV'.10.fr)).(AddCBN'.(FibCBN.3).(AddCBV'.10.fr))).(AddCBN'.(FibCBN.2).(AddCBN'.(FibCBN.3).(AddCBV'.10.fr)))
-> FibCBN.2.(FibCBN.3.(fr.10).(AddCBV'.10.fr)).(AddCBN'.(FibCBN.3).(AddCBV'.10.fr))
-> S.1.(FibCBN.3.(fr.10).(AddCBV'.10.fr)).(FibCBN_1.(FibCBN.3.(fr.10).(AddCBV'.10.fr)).(AddCBN'.(FibCBN.3).(AddCBV'.10.fr)))
-> FibCBN_1.(FibCBN.3.(fr.10).(AddCBV'.10.fr)).(AddCBN'.(FibCBN.3).(AddCBV'.10.fr)).1
-> S.0.(AddCBN'.(FibCBN.3).(AddCBV'.10.fr).0).(FibCBN_2.(FibCBN.3.(fr.10).(AddCBV'.10.fr)).(AddCBN'.(FibCBN.3).(AddCBV'.10.fr)).1)
-> FibCBN_2.(FibCBN.3.(fr.10).(AddCBV'.10.fr)).(AddCBN'.(FibCBN.3).(AddCBV'.10.fr)).1.0
-> AddCBN.(FibCBN.1).(FibCBN.0).(FibCBN.3.(fr.10).(AddCBV'.10.fr)).(AddCBN'.(FibCBN.3).(AddCBV'.10.fr))
-> FibCBN.1.(FibCBN.0.(FibCBN.3.(fr.10).(AddCBV'.10.fr)).(AddCBN'.(FibCBN.3).(AddCBV'.10.fr))).(AddCBN'.(FibCBN.0).(AddCBN'.(FibCBN.3).(AddCBV'.10.fr)))
-> S.0.(FibCBN.0.(FibCBN.3.(fr.10).(AddCBV'.10.fr)).(AddCBN'.(FibCBN.3).(AddCBV'.10.fr))).(FibCBN_1.(FibCBN.0.(FibCBN.3.(fr.10).(AddCBV'.10.fr)).(AddCBN'.(FibCBN.3).(AddCBV'.10.fr))).(AddCBN'.(FibCBN.0).(AddCBN'.(FibCBN.3).(AddCBV'.10.fr))))
-> FibCBN_1.(FibCBN.0.(FibCBN.3.(fr.10).(AddCBV'.10.fr)).(AddCBN'.(FibCBN.3).(AddCBV'.10.fr))).(AddCBN'.(FibCBN.0).(AddCBN'.(FibCBN.3).(AddCBV'.10.fr))).0
-> 0.(AddCBN'.(FibCBN.0).(AddCBN'.(FibCBN.3).(AddCBV'.10.fr)).0).(FibCBN_2.(FibCBN.0.(FibCBN.3.(fr.10).(AddCBV'.10.fr)).(AddCBN'.(FibCBN.3).(AddCBV'.10.fr))).(AddCBN'.(FibCBN.0).(AddCBN'.(FibCBN.3).(AddCBV'.10.fr))).0)
-> AddCBN'.(FibCBN.0).(AddCBN'.(FibCBN.3).(AddCBV'.10.fr)).0
-> AddCBN'.(FibCBN.3).(AddCBV'.10.fr).(AddCBN.0.(FibCBN.0))
-> AddCBV'.10.fr.(AddCBN.(AddCBN.0.(FibCBN.0)).(FibCBN.3))
-> AddCBV.(AddCBN.(AddCBN.0.(FibCBN.0)).(FibCBN.3)).11.fr
-> AddCBN.(AddCBN.0.(FibCBN.0)).(FibCBN.3).(fr.11).(AddCBV'.11.fr)
-> AddCBN.0.(FibCBN.0).(FibCBN.3.(fr.11).(AddCBV'.11.fr)).(AddCBN'.(FibCBN.3).(AddCBV'.11.fr))
-> 0.(FibCBN.0.(FibCBN.3.(fr.11).(AddCBV'.11.fr)).(AddCBN'.(FibCBN.3).(AddCBV'.11.fr))).(AddCBN'.(FibCBN.0).(AddCBN'.(FibCBN.3).(AddCBV'.11.fr)))
-> FibCBN.0.(FibCBN.3.(fr.11).(AddCBV'.11.fr)).(AddCBN'.(FibCBN.3).(AddCBV'.11.fr))
-> 0.(FibCBN.3.(fr.11).(AddCBV'.11.fr)).(FibCBN_1.(FibCBN.3.(fr.11).(AddCBV'.11.fr)).(AddCBN'.(FibCBN.3).(AddCBV'.11.fr)))
-> FibCBN.3.(fr.11).(AddCBV'.11.fr)
-> S.2.(fr.11).(FibCBN_1.(fr.11).(AddCBV'.11.fr))
-> FibCBN_1.(fr.11).(AddCBV'.11.fr).2
-> S.1.(AddCBV'.11.fr.0).(FibCBN_2.(fr.11).(AddCBV'.11.fr).2)
-> FibCBN_2.(fr.11).(AddCBV'.11.fr).2.1
-> AddCBN.(FibCBN.2).(FibCBN.1).(fr.11).(AddCBV'.11.fr)
-> FibCBN.2.(FibCBN.1.(fr.11).(AddCBV'.11.fr)).(AddCBN'.(FibCBN.1).(AddCBV'.11.fr))
-> S.1.(FibCBN.1.(fr.11).(AddCBV'.11.fr)).(FibCBN_1.(FibCBN.1.(fr.11).(AddCBV'.11.fr)).(AddCBN'.(FibCBN.1).(AddCBV'.11.fr)))
-> FibCBN_1.(FibCBN.1.(fr.11).(AddCBV'.11.fr)).(AddCBN'.(FibCBN.1).(AddCBV'.11.fr)).1
-> S.0.(AddCBN'.(FibCBN.1).(AddCBV'.11.fr).0).(FibCBN_2.(FibCBN.1.(fr.11).(AddCBV'.11.fr)).(AddCBN'.(FibCBN.1).(AddCBV'.11.fr)).1)
-> FibCBN_2.(FibCBN.1.(fr.11).(AddCBV'.11.fr)).(AddCBN'.(FibCBN.1).(AddCBV'.11.fr)).1.0
-> AddCBN.(FibCBN.1).(FibCBN.0).(FibCBN.1.(fr.11).(AddCBV'.11.fr)).(AddCBN'.(FibCBN.1).(AddCBV'.11.fr))
-> FibCBN.1.(FibCBN.0.(FibCBN.1.(fr.11).(AddCBV'.11.fr)).(AddCBN'.(FibCBN.1).(AddCBV'.11.fr))).(AddCBN'.(FibCBN.0).(AddCBN'.(FibCBN.1).(AddCBV'.11.fr)))
-> S.0.(FibCBN.0.(FibCBN.1.(fr.11).(AddCBV'.11.fr)).(AddCBN'.(FibCBN.1).(AddCBV'.11.fr))).(FibCBN_1.(FibCBN.0.(FibCBN.1.(fr.11).(AddCBV'.11.fr)).(AddCBN'.(FibCBN.1).(AddCBV'.11.fr))).(AddCBN'.(FibCBN.0).(AddCBN'.(FibCBN.1).(AddCBV'.11.fr))))
-> FibCBN_1.(FibCBN.0.(FibCBN.1.(fr.11).(AddCBV'.11.fr)).(AddCBN'.(FibCBN.1).(AddCBV'.11.fr))).(AddCBN'.(FibCBN.0).(AddCBN'.(FibCBN.1).(AddCBV'.11.fr))).0
-> 0.(AddCBN'.(FibCBN.0).(AddCBN'.(FibCBN.1).(AddCBV'.11.fr)).0).(FibCBN_2.(FibCBN.0.(FibCBN.1.(fr.11).(AddCBV'.11.fr)).(AddCBN'.(FibCBN.1).(AddCBV'.11.fr))).(AddCBN'.(FibCBN.0).(AddCBN'.(FibCBN.1).(AddCBV'.11.fr))).0)
-> AddCBN'.(FibCBN.0).(AddCBN'.(FibCBN.1).(AddCBV'.11.fr)).0
-> AddCBN'.(FibCBN.1).(AddCBV'.11.fr).(AddCBN.0.(FibCBN.0))
-> AddCBV'.11.fr.(AddCBN.(AddCBN.0.(FibCBN.0)).(FibCBN.1))
-> AddCBV.(AddCBN.(AddCBN.0.(FibCBN.0)).(FibCBN.1)).12.fr
-> AddCBN.(AddCBN.0.(FibCBN.0)).(FibCBN.1).(fr.12).(AddCBV'.12.fr)
-> AddCBN.0.(FibCBN.0).(FibCBN.1.(fr.12).(AddCBV'.12.fr)).(AddCBN'.(FibCBN.1).(AddCBV'.12.fr))
-> 0.(FibCBN.0.(FibCBN.1.(fr.12).(AddCBV'.12.fr)).(AddCBN'.(FibCBN.1).(AddCBV'.12.fr))).(AddCBN'.(FibCBN.0).(AddCBN'.(FibCBN.1).(AddCBV'.12.fr)))
-> FibCBN.0.(FibCBN.1.(fr.12).(AddCBV'.12.fr)).(AddCBN'.(FibCBN.1).(AddCBV'.12.fr))
-> 0.(FibCBN.1.(fr.12).(AddCBV'.12.fr)).(FibCBN_1.(FibCBN.1.(fr.12).(AddCBV'.12.fr)).(AddCBN'.(FibCBN.1).(AddCBV'.12.fr)))
-> FibCBN.1.(fr.12).(AddCBV'.12.fr)
-> S.0.(fr.12).(FibCBN_1.(fr.12).(AddCBV'.12.fr))
-> FibCBN_1.(fr.12).(AddCBV'.12.fr).0
-> 0.(AddCBV'.12.fr.0).(FibCBN_2.(fr.12).(AddCBV'.12.fr).0)
-> AddCBV'.12.fr.0
-> AddCBV.0.13.fr
-> 0.(fr.13).(AddCBV'.13.fr)
-> fr.13
