ListMult.(Cons.3.(Cons.1.(Cons.2.Nil))).fr
-> A.(Cons.3.(Cons.1.(Cons.2.Nil))).fr.(fr.0)
-> Cons.3.(Cons.1.(Cons.2.Nil)).(fr.1).(B.fr.(fr.0))
-> B.fr.(fr.0).3.(Cons.1.(Cons.2.Nil))
-> S.2.(fr.0).(C.fr.(fr.0).3.(Cons.1.(Cons.2.Nil)))
-> C.fr.(fr.0).3.(Cons.1.(Cons.2.Nil)).2
-> A.(Cons.1.(Cons.2.Nil)).(PostMult.3.fr).(fr.0)
-> Cons.1.(Cons.2.Nil).(PostMult.3.fr.1).(B.(PostMult.3.fr).(fr.0))
-> B.(PostMult.3.fr).(fr.0).1.(Cons.2.Nil)
-> S.0.(fr.0).(C.(PostMult.3.fr).(fr.0).1.(Cons.2.Nil))
-> C.(PostMult.3.fr).(fr.0).1.(Cons.2.Nil).0
-> A.(Cons.2.Nil).(PostMult.1.(PostMult.3.fr)).(fr.0)
-> Cons.2.Nil.(PostMult.1.(PostMult.3.fr).1).(B.(PostMult.1.(PostMult.3.fr)).(fr.0))
-> B.(PostMult.1.(PostMult.3.fr)).(fr.0).2.Nil
-> S.1.(fr.0).(C.(PostMult.1.(PostMult.3.fr)).(fr.0).2.Nil)
-> C.(PostMult.1.(PostMult.3.fr)).(fr.0).2.Nil.1
-> A.Nil.(PostMult.2.(PostMult.1.(PostMult.3.fr))).(fr.0)
-> Nil.(PostMult.2.(PostMult.1.(PostMult.3.fr)).1).(B.(PostMult.2.(PostMult.1.(PostMult.3.fr))).(fr.0))
-> PostMult.2.(PostMult.1.(PostMult.3.fr)).1
-> Mult.2.1.(PostMult.1.(PostMult.3.fr))
-> S.0.(PostMult.1.(PostMult.3.fr).0).(PostMult.2.(PostAdd.2.(PostMult.1.(PostMult.3.fr))))
-> PostMult.2.(PostAdd.2.(PostMult.1.(PostMult.3.fr))).0
-> Mult.2.0.(PostAdd.2.(PostMult.1.(PostMult.3.fr)))
-> 0.(PostAdd.2.(PostMult.1.(PostMult.3.fr)).0).(PostMult.2.(PostAdd.2.(PostAdd.2.(PostMult.1.(PostMult.3.fr)))))
-> PostAdd.2.(PostMult.1.(PostMult.3.fr)).0
-> AddCBV.2.0.(PostMult.1.(PostMult.3.fr))
-> S.1.(PostMult.1.(PostMult.3.fr).0).(AddCBV'.0.(PostMult.1.(PostMult.3.fr)))
-> AddCBV'.0.(PostMult.1.(PostMult.3.fr)).1
-> AddCBV.1.1.(PostMult.1.(PostMult.3.fr))
-> S.0.(PostMult.1.(PostMult.3.fr).1).(AddCBV'.1.(PostMult.1.(PostMult.3.fr)))
-> AddCBV'.1.(PostMult.1.(PostMult.3.fr)).0
-> AddCBV.0.2.(PostMult.1.(PostMult.3.fr))
-> 0.(PostMult.1.(PostMult.3.fr).2).(AddCBV'.2.(PostMult.1.(PostMult.3.fr)))
-> PostMult.1.(PostMult.3.fr).2
-> Mult.1.2.(PostMult.3.fr)
-> S.1.(PostMult.3.fr.0).(PostMult.1.(PostAdd.1.(PostMult.3.fr)))
-> PostMult.1.(PostAdd.1.(PostMult.3.fr)).1
-> Mult.1.1.(PostAdd.1.(PostMult.3.fr))
-> S.0.(PostAdd.1.(PostMult.3.fr).0).(PostMult.1.(PostAdd.1.(PostAdd.1.(PostMult.3.fr))))
-> PostMult.1.(PostAdd.1.(PostAdd.1.(PostMult.3.fr))).0
-> Mult.1.0.(PostAdd.1.(PostAdd.1.(PostMult.3.fr)))
-> 0.(PostAdd.1.(PostAdd.1.(PostMult.3.fr)).0).(PostMult.1.(PostAdd.1.(PostAdd.1.(PostAdd.1.(PostMult.3.fr)))))
-> PostAdd.1.(PostAdd.1.(PostMult.3.fr)).0
-> AddCBV.1.0.(PostAdd.1.(PostMult.3.fr))
-> S.0.(PostAdd.1.(PostMult.3.fr).0).(AddCBV'.0.(PostAdd.1.(PostMult.3.fr)))
-> AddCBV'.0.(PostAdd.1.(PostMult.3.fr)).0
-> AddCBV.0.1.(PostAdd.1.(PostMult.3.fr))
-> 0.(PostAdd.1.(PostMult.3.fr).1).(AddCBV'.1.(PostAdd.1.(PostMult.3.fr)))
-> PostAdd.1.(PostMult.3.fr).1
-> AddCBV.1.1.(PostMult.3.fr)
-> S.0.(PostMult.3.fr.1).(AddCBV'.1.(PostMult.3.fr))
-> AddCBV'.1.(PostMult.3.fr).0
-> AddCBV.0.2.(PostMult.3.fr)
-> 0.(PostMult.3.fr.2).(AddCBV'.2.(PostMult.3.fr))
-> PostMult.3.fr.2
-> Mult.3.2.fr
-> S.1.(fr.0).(PostMult.3.(PostAdd.3.fr))
-> PostMult.3.(PostAdd.3.fr).1
-> Mult.3.1.(PostAdd.3.fr)
-> S.0.(PostAdd.3.fr.0).(PostMult.3.(PostAdd.3.(PostAdd.3.fr)))
-> PostMult.3.(PostAdd.3.(PostAdd.3.fr)).0
-> Mult.3.0.(PostAdd.3.(PostAdd.3.fr))
-> 0.(PostAdd.3.(PostAdd.3.fr).0).(PostMult.3.(PostAdd.3.(PostAdd.3.(PostAdd.3.fr))))
-> PostAdd.3.(PostAdd.3.fr).0
-> AddCBV.3.0.(PostAdd.3.fr)
-> S.2.(PostAdd.3.fr.0).(AddCBV'.0.(PostAdd.3.fr))
-> AddCBV'.0.(PostAdd.3.fr).2
-> AddCBV.2.1.(PostAdd.3.fr)
-> S.1.(PostAdd.3.fr.1).(AddCBV'.1.(PostAdd.3.fr))
-> AddCBV'.1.(PostAdd.3.fr).1
-> AddCBV.1.2.(PostAdd.3.fr)
-> S.0.(PostAdd.3.fr.2).(AddCBV'.2.(PostAdd.3.fr))
-> AddCBV'.2.(PostAdd.3.fr).0
-> AddCBV.0.3.(PostAdd.3.fr)
-> 0.(PostAdd.3.fr.3).(AddCBV'.3.(PostAdd.3.fr))
-> PostAdd.3.fr.3
-> AddCBV.3.3.fr
-> S.2.(fr.3).(AddCBV'.3.fr)
-> AddCBV'.3.fr.2
-> AddCBV.2.4.fr
-> S.1.(fr.4).(AddCBV'.4.fr)
-> AddCBV'.4.fr.1
-> AddCBV.1.5.fr
-> S.0.(fr.5).(AddCBV'.5.fr)
-> AddCBV'.5.fr.0
-> AddCBV.0.6.fr
-> 0.(fr.6).(AddCBV'.6.fr)
-> fr.6
